<?xml version="1.0" encoding="UTF-8"?>
<TestRun id="25ddc6ff-acef-4a75-8a55-e50f2c325fa8" name="User@HOMES 2014-06-13 16:10:02" runUser="HOMES\User" xmlns="http://microsoft.com/schemas/VisualStudio/TeamTest/2010">
  <TestSettings name="Local" id="bc564bda-2a21-4db9-b62c-2de7eaeb2f4a">
    <Description>These are default test settings for a local test run.</Description>
    <Deployment enabled="false" runDeploymentRoot="User_HOMES 2014-06-13 16_10_02">
      <DeploymentItem filename="D:\GitProjects\TelerikAcademy\Quality\Test-Driven-Development\Poker\bin\Debug\Poker.exe" />
    </Deployment>
    <Execution>
      <TestTypeSpecific />
      <AgentRule name="Execution Agents">
      </AgentRule>
    </Execution>
  </TestSettings>
  <Times creation="2014-06-13T16:10:02.7187500+03:00" queuing="2014-06-13T16:10:03.1406250+03:00" start="2014-06-13T16:10:03.2187500+03:00" finish="2014-06-13T16:10:04.0000000+03:00" />
  <ResultSummary outcome="Completed">
    <Counters total="16" executed="16" passed="16" error="0" failed="0" timeout="0" aborted="0" inconclusive="0" passedButRunAborted="0" notRunnable="0" notExecuted="0" disconnected="0" warning="0" completed="0" inProgress="0" pending="0" />
  </ResultSummary>
  <TestDefinitions>
    <UnitTest name="CheckerShouldRecognizeFullHouseCombination" storage="d:\gitprojects\telerikacademy\quality\test-driven-development\poker.tests\bin\debug\poker.tests.dll" id="b60e1417-e09d-f531-99fc-67166c972c0d">
      <Execution id="43b05238-255f-4429-91b8-d03d07c3bd7b" />
      <TestMethod codeBase="D:/GitProjects/TelerikAcademy/Quality/Test-Driven-Development/Poker.Tests/bin/Debug/Poker.Tests.DLL" adapterTypeName="Microsoft.VisualStudio.TestTools.TestTypes.Unit.UnitTestAdapter, Microsoft.VisualStudio.QualityTools.Tips.UnitTest.Adapter, Version=10.0.0.0, Culture=neutral, PublicKeyToken=b03f5f7f11d50a3a" className="Poker.Tests.CombinationsTests, Poker.Tests, Version=1.0.0.0, Culture=neutral, PublicKeyToken=null" name="CheckerShouldRecognizeFullHouseCombination" />
    </UnitTest>
    <UnitTest name="CheckerShouldRecognizeFourOfAKindCombination" storage="d:\gitprojects\telerikacademy\quality\test-driven-development\poker.tests\bin\debug\poker.tests.dll" id="e1d93606-d25f-b828-2773-66d137665ad3">
      <Execution id="4d65d0f1-47fa-44c0-bf03-d8352f450857" />
      <TestMethod codeBase="D:/GitProjects/TelerikAcademy/Quality/Test-Driven-Development/Poker.Tests/bin/Debug/Poker.Tests.DLL" adapterTypeName="Microsoft.VisualStudio.TestTools.TestTypes.Unit.UnitTestAdapter, Microsoft.VisualStudio.QualityTools.Tips.UnitTest.Adapter, Version=10.0.0.0, Culture=neutral, PublicKeyToken=b03f5f7f11d50a3a" className="Poker.Tests.CombinationsTests, Poker.Tests, Version=1.0.0.0, Culture=neutral, PublicKeyToken=null" name="CheckerShouldRecognizeFourOfAKindCombination" />
    </UnitTest>
    <UnitTest name="CheckerShouldRecognizeFlushCombination" storage="d:\gitprojects\telerikacademy\quality\test-driven-development\poker.tests\bin\debug\poker.tests.dll" id="3e912461-f5ec-bef4-5b86-99ea01e7a0d5">
      <Execution id="f037141c-95d7-42e6-a70b-7ef84e15d96b" />
      <TestMethod codeBase="D:/GitProjects/TelerikAcademy/Quality/Test-Driven-Development/Poker.Tests/bin/Debug/Poker.Tests.DLL" adapterTypeName="Microsoft.VisualStudio.TestTools.TestTypes.Unit.UnitTestAdapter, Microsoft.VisualStudio.QualityTools.Tips.UnitTest.Adapter, Version=10.0.0.0, Culture=neutral, PublicKeyToken=b03f5f7f11d50a3a" className="Poker.Tests.CombinationsTests, Poker.Tests, Version=1.0.0.0, Culture=neutral, PublicKeyToken=null" name="CheckerShouldRecognizeFlushCombination" />
    </UnitTest>
    <UnitTest name="HandToStringShouldFollowTheGivenFormat" storage="d:\gitprojects\telerikacademy\quality\test-driven-development\poker.tests\bin\debug\poker.tests.dll" id="c0f58013-8c25-16a0-2f3d-a1ac38180f23">
      <Execution id="c1b6e5d3-460d-4082-b00e-809d7f5941fb" />
      <TestMethod codeBase="D:/GitProjects/TelerikAcademy/Quality/Test-Driven-Development/Poker.Tests/bin/Debug/Poker.Tests.DLL" adapterTypeName="Microsoft.VisualStudio.TestTools.TestTypes.Unit.UnitTestAdapter, Microsoft.VisualStudio.QualityTools.Tips.UnitTest.Adapter, Version=10.0.0.0, Culture=neutral, PublicKeyToken=b03f5f7f11d50a3a" className="Poker.Tests.HandTests, Poker.Tests, Version=1.0.0.0, Culture=neutral, PublicKeyToken=null" name="HandToStringShouldFollowTheGivenFormat" />
    </UnitTest>
    <UnitTest name="CheckerShouldRecognizeThreeOfAKindCombination" storage="d:\gitprojects\telerikacademy\quality\test-driven-development\poker.tests\bin\debug\poker.tests.dll" id="a064e2cd-62cd-9c75-5377-757ceb888ef0">
      <Execution id="3dab077f-8d47-4cf2-afb5-e1b91c773091" />
      <TestMethod codeBase="D:/GitProjects/TelerikAcademy/Quality/Test-Driven-Development/Poker.Tests/bin/Debug/Poker.Tests.DLL" adapterTypeName="Microsoft.VisualStudio.TestTools.TestTypes.Unit.UnitTestAdapter, Microsoft.VisualStudio.QualityTools.Tips.UnitTest.Adapter, Version=10.0.0.0, Culture=neutral, PublicKeyToken=b03f5f7f11d50a3a" className="Poker.Tests.CombinationsTests, Poker.Tests, Version=1.0.0.0, Culture=neutral, PublicKeyToken=null" name="CheckerShouldRecognizeThreeOfAKindCombination" />
    </UnitTest>
    <UnitTest name="CheckerShouldRecognizeStraightFlushCombination" storage="d:\gitprojects\telerikacademy\quality\test-driven-development\poker.tests\bin\debug\poker.tests.dll" id="617d82f4-8c08-7f85-04fa-3dea7d6d3d59">
      <Execution id="66514d29-369e-4f6e-9652-46bacba9d0b3" />
      <TestMethod codeBase="D:/GitProjects/TelerikAcademy/Quality/Test-Driven-Development/Poker.Tests/bin/Debug/Poker.Tests.DLL" adapterTypeName="Microsoft.VisualStudio.TestTools.TestTypes.Unit.UnitTestAdapter, Microsoft.VisualStudio.QualityTools.Tips.UnitTest.Adapter, Version=10.0.0.0, Culture=neutral, PublicKeyToken=b03f5f7f11d50a3a" className="Poker.Tests.CombinationsTests, Poker.Tests, Version=1.0.0.0, Culture=neutral, PublicKeyToken=null" name="CheckerShouldRecognizeStraightFlushCombination" />
    </UnitTest>
    <UnitTest name="HandShouldNotHaveMoreThanFiveCards" storage="d:\gitprojects\telerikacademy\quality\test-driven-development\poker.tests\bin\debug\poker.tests.dll" id="4a5b6ae3-bb10-501e-24b2-f970155da52b">
      <Execution id="ca7bfb8d-c47b-40f8-b8e1-5540c1671c0f" />
      <TestMethod codeBase="D:/GitProjects/TelerikAcademy/Quality/Test-Driven-Development/Poker.Tests/bin/Debug/Poker.Tests.DLL" adapterTypeName="Microsoft.VisualStudio.TestTools.TestTypes.Unit.UnitTestAdapter, Microsoft.VisualStudio.QualityTools.Tips.UnitTest.Adapter, Version=10.0.0.0, Culture=neutral, PublicKeyToken=b03f5f7f11d50a3a" className="Poker.Tests.HandValidationTests, Poker.Tests, Version=1.0.0.0, Culture=neutral, PublicKeyToken=null" name="HandShouldNotHaveMoreThanFiveCards" />
    </UnitTest>
    <UnitTest name="HandWithZeroCardsShouldNotBeValid" storage="d:\gitprojects\telerikacademy\quality\test-driven-development\poker.tests\bin\debug\poker.tests.dll" id="a7ad43fc-7e41-bd1f-74ee-3e8b2b89c436">
      <Execution id="e19d3bd4-a222-4587-9a05-28f941e5444b" />
      <TestMethod codeBase="D:/GitProjects/TelerikAcademy/Quality/Test-Driven-Development/Poker.Tests/bin/Debug/Poker.Tests.DLL" adapterTypeName="Microsoft.VisualStudio.TestTools.TestTypes.Unit.UnitTestAdapter, Microsoft.VisualStudio.QualityTools.Tips.UnitTest.Adapter, Version=10.0.0.0, Culture=neutral, PublicKeyToken=b03f5f7f11d50a3a" className="Poker.Tests.HandValidationTests, Poker.Tests, Version=1.0.0.0, Culture=neutral, PublicKeyToken=null" name="HandWithZeroCardsShouldNotBeValid" />
    </UnitTest>
    <UnitTest name="CheckerShouldRecognizeOnePairCombination" storage="d:\gitprojects\telerikacademy\quality\test-driven-development\poker.tests\bin\debug\poker.tests.dll" id="d0191123-0ee8-75a6-bf14-a847dc71a3c0">
      <Execution id="b05872ab-92b5-4d86-a7bf-b11677afd39e" />
      <TestMethod codeBase="D:/GitProjects/TelerikAcademy/Quality/Test-Driven-Development/Poker.Tests/bin/Debug/Poker.Tests.DLL" adapterTypeName="Microsoft.VisualStudio.TestTools.TestTypes.Unit.UnitTestAdapter, Microsoft.VisualStudio.QualityTools.Tips.UnitTest.Adapter, Version=10.0.0.0, Culture=neutral, PublicKeyToken=b03f5f7f11d50a3a" className="Poker.Tests.CombinationsTests, Poker.Tests, Version=1.0.0.0, Culture=neutral, PublicKeyToken=null" name="CheckerShouldRecognizeOnePairCombination" />
    </UnitTest>
    <UnitTest name="CheckerShouldRecognizeHighCardCombination" storage="d:\gitprojects\telerikacademy\quality\test-driven-development\poker.tests\bin\debug\poker.tests.dll" id="caef306e-aa60-78e9-11ed-889a0ac8c73c">
      <Execution id="5bef2385-4930-4950-a09a-2df6fd4019be" />
      <TestMethod codeBase="D:/GitProjects/TelerikAcademy/Quality/Test-Driven-Development/Poker.Tests/bin/Debug/Poker.Tests.DLL" adapterTypeName="Microsoft.VisualStudio.TestTools.TestTypes.Unit.UnitTestAdapter, Microsoft.VisualStudio.QualityTools.Tips.UnitTest.Adapter, Version=10.0.0.0, Culture=neutral, PublicKeyToken=b03f5f7f11d50a3a" className="Poker.Tests.CombinationsTests, Poker.Tests, Version=1.0.0.0, Culture=neutral, PublicKeyToken=null" name="CheckerShouldRecognizeHighCardCombination" />
    </UnitTest>
    <UnitTest name="HandToStringShouldFollowTheGivenFormatWhenEnumIsAritmeticallyChanged" storage="d:\gitprojects\telerikacademy\quality\test-driven-development\poker.tests\bin\debug\poker.tests.dll" id="befe51af-2857-c06a-6449-1b0d2cdf2061">
      <Execution id="ee0903cf-75bb-4c29-ad9d-9926f0ffa623" />
      <TestMethod codeBase="D:/GitProjects/TelerikAcademy/Quality/Test-Driven-Development/Poker.Tests/bin/Debug/Poker.Tests.DLL" adapterTypeName="Microsoft.VisualStudio.TestTools.TestTypes.Unit.UnitTestAdapter, Microsoft.VisualStudio.QualityTools.Tips.UnitTest.Adapter, Version=10.0.0.0, Culture=neutral, PublicKeyToken=b03f5f7f11d50a3a" className="Poker.Tests.HandTests, Poker.Tests, Version=1.0.0.0, Culture=neutral, PublicKeyToken=null" name="HandToStringShouldFollowTheGivenFormatWhenEnumIsAritmeticallyChanged" />
    </UnitTest>
    <UnitTest name="HandWithRepeatingCardsShouldNotBeValid" storage="d:\gitprojects\telerikacademy\quality\test-driven-development\poker.tests\bin\debug\poker.tests.dll" id="83b8f170-80e4-0b29-09e5-64b876ffbc9c">
      <Execution id="99aab77a-612f-49da-861e-a924617faca0" />
      <TestMethod codeBase="D:/GitProjects/TelerikAcademy/Quality/Test-Driven-Development/Poker.Tests/bin/Debug/Poker.Tests.DLL" adapterTypeName="Microsoft.VisualStudio.TestTools.TestTypes.Unit.UnitTestAdapter, Microsoft.VisualStudio.QualityTools.Tips.UnitTest.Adapter, Version=10.0.0.0, Culture=neutral, PublicKeyToken=b03f5f7f11d50a3a" className="Poker.Tests.HandValidationTests, Poker.Tests, Version=1.0.0.0, Culture=neutral, PublicKeyToken=null" name="HandWithRepeatingCardsShouldNotBeValid" />
    </UnitTest>
    <UnitTest name="CardToStringShouldFollowTheGivenFormat" storage="d:\gitprojects\telerikacademy\quality\test-driven-development\poker.tests\bin\debug\poker.tests.dll" id="5bf2ae0c-21eb-a8ce-8af8-db2e3c1c7082">
      <Execution id="7c91c871-09f9-481d-b134-a86b2338788b" />
      <TestMethod codeBase="D:/GitProjects/TelerikAcademy/Quality/Test-Driven-Development/Poker.Tests/bin/Debug/Poker.Tests.DLL" adapterTypeName="Microsoft.VisualStudio.TestTools.TestTypes.Unit.UnitTestAdapter, Microsoft.VisualStudio.QualityTools.Tips.UnitTest.Adapter, Version=10.0.0.0, Culture=neutral, PublicKeyToken=b03f5f7f11d50a3a" className="Poker.Tests.CardTests, Poker.Tests, Version=1.0.0.0, Culture=neutral, PublicKeyToken=null" name="CardToStringShouldFollowTheGivenFormat" />
    </UnitTest>
    <UnitTest name="CardToStringShouldFollowTheGivenFormatWhenEnumIsAritmeticallyChanged" storage="d:\gitprojects\telerikacademy\quality\test-driven-development\poker.tests\bin\debug\poker.tests.dll" id="8fda5f33-a9b9-5a41-07dc-a2f25844e49c">
      <Execution id="c8711f4e-79c6-4b5c-97ca-7378707f785d" />
      <TestMethod codeBase="D:/GitProjects/TelerikAcademy/Quality/Test-Driven-Development/Poker.Tests/bin/Debug/Poker.Tests.DLL" adapterTypeName="Microsoft.VisualStudio.TestTools.TestTypes.Unit.UnitTestAdapter, Microsoft.VisualStudio.QualityTools.Tips.UnitTest.Adapter, Version=10.0.0.0, Culture=neutral, PublicKeyToken=b03f5f7f11d50a3a" className="Poker.Tests.CardTests, Poker.Tests, Version=1.0.0.0, Culture=neutral, PublicKeyToken=null" name="CardToStringShouldFollowTheGivenFormatWhenEnumIsAritmeticallyChanged" />
    </UnitTest>
    <UnitTest name="CheckerShouldRecognizeTwoPairCombination" storage="d:\gitprojects\telerikacademy\quality\test-driven-development\poker.tests\bin\debug\poker.tests.dll" id="96852268-b311-2b16-1fdd-8f23fa73e18e">
      <Execution id="9249b38b-0f28-4e64-a84b-4f95cf6a99ce" />
      <TestMethod codeBase="D:/GitProjects/TelerikAcademy/Quality/Test-Driven-Development/Poker.Tests/bin/Debug/Poker.Tests.DLL" adapterTypeName="Microsoft.VisualStudio.TestTools.TestTypes.Unit.UnitTestAdapter, Microsoft.VisualStudio.QualityTools.Tips.UnitTest.Adapter, Version=10.0.0.0, Culture=neutral, PublicKeyToken=b03f5f7f11d50a3a" className="Poker.Tests.CombinationsTests, Poker.Tests, Version=1.0.0.0, Culture=neutral, PublicKeyToken=null" name="CheckerShouldRecognizeTwoPairCombination" />
    </UnitTest>
    <UnitTest name="CheckerShouldRecognizeStraightCombination" storage="d:\gitprojects\telerikacademy\quality\test-driven-development\poker.tests\bin\debug\poker.tests.dll" id="a5ae1f90-0dad-63ce-1c82-89adf313a505">
      <Execution id="5fde3cc8-2228-4fd9-b5e2-d04cb280d2b4" />
      <TestMethod codeBase="D:/GitProjects/TelerikAcademy/Quality/Test-Driven-Development/Poker.Tests/bin/Debug/Poker.Tests.DLL" adapterTypeName="Microsoft.VisualStudio.TestTools.TestTypes.Unit.UnitTestAdapter, Microsoft.VisualStudio.QualityTools.Tips.UnitTest.Adapter, Version=10.0.0.0, Culture=neutral, PublicKeyToken=b03f5f7f11d50a3a" className="Poker.Tests.CombinationsTests, Poker.Tests, Version=1.0.0.0, Culture=neutral, PublicKeyToken=null" name="CheckerShouldRecognizeStraightCombination" />
    </UnitTest>
  </TestDefinitions>
  <TestLists>
    <TestList name="Results Not in a List" id="8c84fa94-04c1-424b-9868-57a2d4851a1d" />
    <TestList name="All Loaded Results" id="19431567-8539-422a-85d7-44ee4e166bda" />
  </TestLists>
  <TestEntries>
    <TestEntry testId="3e912461-f5ec-bef4-5b86-99ea01e7a0d5" executionId="f037141c-95d7-42e6-a70b-7ef84e15d96b" testListId="8c84fa94-04c1-424b-9868-57a2d4851a1d" />
    <TestEntry testId="4a5b6ae3-bb10-501e-24b2-f970155da52b" executionId="ca7bfb8d-c47b-40f8-b8e1-5540c1671c0f" testListId="8c84fa94-04c1-424b-9868-57a2d4851a1d" />
    <TestEntry testId="5bf2ae0c-21eb-a8ce-8af8-db2e3c1c7082" executionId="7c91c871-09f9-481d-b134-a86b2338788b" testListId="8c84fa94-04c1-424b-9868-57a2d4851a1d" />
    <TestEntry testId="617d82f4-8c08-7f85-04fa-3dea7d6d3d59" executionId="66514d29-369e-4f6e-9652-46bacba9d0b3" testListId="8c84fa94-04c1-424b-9868-57a2d4851a1d" />
    <TestEntry testId="83b8f170-80e4-0b29-09e5-64b876ffbc9c" executionId="99aab77a-612f-49da-861e-a924617faca0" testListId="8c84fa94-04c1-424b-9868-57a2d4851a1d" />
    <TestEntry testId="8fda5f33-a9b9-5a41-07dc-a2f25844e49c" executionId="c8711f4e-79c6-4b5c-97ca-7378707f785d" testListId="8c84fa94-04c1-424b-9868-57a2d4851a1d" />
    <TestEntry testId="96852268-b311-2b16-1fdd-8f23fa73e18e" executionId="9249b38b-0f28-4e64-a84b-4f95cf6a99ce" testListId="8c84fa94-04c1-424b-9868-57a2d4851a1d" />
    <TestEntry testId="a064e2cd-62cd-9c75-5377-757ceb888ef0" executionId="3dab077f-8d47-4cf2-afb5-e1b91c773091" testListId="8c84fa94-04c1-424b-9868-57a2d4851a1d" />
    <TestEntry testId="a5ae1f90-0dad-63ce-1c82-89adf313a505" executionId="5fde3cc8-2228-4fd9-b5e2-d04cb280d2b4" testListId="8c84fa94-04c1-424b-9868-57a2d4851a1d" />
    <TestEntry testId="a7ad43fc-7e41-bd1f-74ee-3e8b2b89c436" executionId="e19d3bd4-a222-4587-9a05-28f941e5444b" testListId="8c84fa94-04c1-424b-9868-57a2d4851a1d" />
    <TestEntry testId="b60e1417-e09d-f531-99fc-67166c972c0d" executionId="43b05238-255f-4429-91b8-d03d07c3bd7b" testListId="8c84fa94-04c1-424b-9868-57a2d4851a1d" />
    <TestEntry testId="befe51af-2857-c06a-6449-1b0d2cdf2061" executionId="ee0903cf-75bb-4c29-ad9d-9926f0ffa623" testListId="8c84fa94-04c1-424b-9868-57a2d4851a1d" />
    <TestEntry testId="c0f58013-8c25-16a0-2f3d-a1ac38180f23" executionId="c1b6e5d3-460d-4082-b00e-809d7f5941fb" testListId="8c84fa94-04c1-424b-9868-57a2d4851a1d" />
    <TestEntry testId="caef306e-aa60-78e9-11ed-889a0ac8c73c" executionId="5bef2385-4930-4950-a09a-2df6fd4019be" testListId="8c84fa94-04c1-424b-9868-57a2d4851a1d" />
    <TestEntry testId="d0191123-0ee8-75a6-bf14-a847dc71a3c0" executionId="b05872ab-92b5-4d86-a7bf-b11677afd39e" testListId="8c84fa94-04c1-424b-9868-57a2d4851a1d" />
    <TestEntry testId="e1d93606-d25f-b828-2773-66d137665ad3" executionId="4d65d0f1-47fa-44c0-bf03-d8352f450857" testListId="8c84fa94-04c1-424b-9868-57a2d4851a1d" />
  </TestEntries>
  <Results>
    <UnitTestResult executionId="f037141c-95d7-42e6-a70b-7ef84e15d96b" testId="3e912461-f5ec-bef4-5b86-99ea01e7a0d5" testName="CheckerShouldRecognizeFlushCombination" computerName="HOMES" duration="00:00:00.0340107" startTime="2014-06-13T16:10:03.2968750+03:00" endTime="2014-06-13T16:10:03.7187500+03:00" testType="13cdc9d9-ddb5-4fa4-a97d-d965ccfc6d4b" outcome="Passed" testListId="8c84fa94-04c1-424b-9868-57a2d4851a1d" relativeResultsDirectory="f037141c-95d7-42e6-a70b-7ef84e15d96b">
    </UnitTestResult>
    <UnitTestResult executionId="ca7bfb8d-c47b-40f8-b8e1-5540c1671c0f" testId="4a5b6ae3-bb10-501e-24b2-f970155da52b" testName="HandShouldNotHaveMoreThanFiveCards" computerName="HOMES" duration="00:00:00.0015705" startTime="2014-06-13T16:10:03.7187500+03:00" endTime="2014-06-13T16:10:03.7343750+03:00" testType="13cdc9d9-ddb5-4fa4-a97d-d965ccfc6d4b" outcome="Passed" testListId="8c84fa94-04c1-424b-9868-57a2d4851a1d" relativeResultsDirectory="ca7bfb8d-c47b-40f8-b8e1-5540c1671c0f">
    </UnitTestResult>
    <UnitTestResult executionId="7c91c871-09f9-481d-b134-a86b2338788b" testId="5bf2ae0c-21eb-a8ce-8af8-db2e3c1c7082" testName="CardToStringShouldFollowTheGivenFormat" computerName="HOMES" duration="00:00:00.0010302" startTime="2014-06-13T16:10:03.7343750+03:00" endTime="2014-06-13T16:10:03.7500000+03:00" testType="13cdc9d9-ddb5-4fa4-a97d-d965ccfc6d4b" outcome="Passed" testListId="8c84fa94-04c1-424b-9868-57a2d4851a1d" relativeResultsDirectory="7c91c871-09f9-481d-b134-a86b2338788b">
    </UnitTestResult>
    <UnitTestResult executionId="66514d29-369e-4f6e-9652-46bacba9d0b3" testId="617d82f4-8c08-7f85-04fa-3dea7d6d3d59" testName="CheckerShouldRecognizeStraightFlushCombination" computerName="HOMES" duration="00:00:00.0015999" startTime="2014-06-13T16:10:03.7500000+03:00" endTime="2014-06-13T16:10:03.7656250+03:00" testType="13cdc9d9-ddb5-4fa4-a97d-d965ccfc6d4b" outcome="Passed" testListId="8c84fa94-04c1-424b-9868-57a2d4851a1d" relativeResultsDirectory="66514d29-369e-4f6e-9652-46bacba9d0b3">
    </UnitTestResult>
    <UnitTestResult executionId="99aab77a-612f-49da-861e-a924617faca0" testId="83b8f170-80e4-0b29-09e5-64b876ffbc9c" testName="HandWithRepeatingCardsShouldNotBeValid" computerName="HOMES" duration="00:00:00.0014384" startTime="2014-06-13T16:10:03.7656250+03:00" endTime="2014-06-13T16:10:03.7812500+03:00" testType="13cdc9d9-ddb5-4fa4-a97d-d965ccfc6d4b" outcome="Passed" testListId="8c84fa94-04c1-424b-9868-57a2d4851a1d" relativeResultsDirectory="99aab77a-612f-49da-861e-a924617faca0">
    </UnitTestResult>
    <UnitTestResult executionId="c8711f4e-79c6-4b5c-97ca-7378707f785d" testId="8fda5f33-a9b9-5a41-07dc-a2f25844e49c" testName="CardToStringShouldFollowTheGivenFormatWhenEnumIsAritmeticallyChanged" computerName="HOMES" duration="00:00:00.0007431" startTime="2014-06-13T16:10:03.7812500+03:00" endTime="2014-06-13T16:10:03.7968750+03:00" testType="13cdc9d9-ddb5-4fa4-a97d-d965ccfc6d4b" outcome="Passed" testListId="8c84fa94-04c1-424b-9868-57a2d4851a1d" relativeResultsDirectory="c8711f4e-79c6-4b5c-97ca-7378707f785d">
    </UnitTestResult>
    <UnitTestResult executionId="9249b38b-0f28-4e64-a84b-4f95cf6a99ce" testId="96852268-b311-2b16-1fdd-8f23fa73e18e" testName="CheckerShouldRecognizeTwoPairCombination" computerName="HOMES" duration="00:00:00.0014046" startTime="2014-06-13T16:10:03.7968750+03:00" endTime="2014-06-13T16:10:03.8125000+03:00" testType="13cdc9d9-ddb5-4fa4-a97d-d965ccfc6d4b" outcome="Passed" testListId="8c84fa94-04c1-424b-9868-57a2d4851a1d" relativeResultsDirectory="9249b38b-0f28-4e64-a84b-4f95cf6a99ce">
    </UnitTestResult>
    <UnitTestResult executionId="3dab077f-8d47-4cf2-afb5-e1b91c773091" testId="a064e2cd-62cd-9c75-5377-757ceb888ef0" testName="CheckerShouldRecognizeThreeOfAKindCombination" computerName="HOMES" duration="00:00:00.0013096" startTime="2014-06-13T16:10:03.8125000+03:00" endTime="2014-06-13T16:10:03.8281250+03:00" testType="13cdc9d9-ddb5-4fa4-a97d-d965ccfc6d4b" outcome="Passed" testListId="8c84fa94-04c1-424b-9868-57a2d4851a1d" relativeResultsDirectory="3dab077f-8d47-4cf2-afb5-e1b91c773091">
    </UnitTestResult>
    <UnitTestResult executionId="5fde3cc8-2228-4fd9-b5e2-d04cb280d2b4" testId="a5ae1f90-0dad-63ce-1c82-89adf313a505" testName="CheckerShouldRecognizeStraightCombination" computerName="HOMES" duration="00:00:00.0009054" startTime="2014-06-13T16:10:03.8281250+03:00" endTime="2014-06-13T16:10:03.8437500+03:00" testType="13cdc9d9-ddb5-4fa4-a97d-d965ccfc6d4b" outcome="Passed" testListId="8c84fa94-04c1-424b-9868-57a2d4851a1d" relativeResultsDirectory="5fde3cc8-2228-4fd9-b5e2-d04cb280d2b4">
    </UnitTestResult>
    <UnitTestResult executionId="e19d3bd4-a222-4587-9a05-28f941e5444b" testId="a7ad43fc-7e41-bd1f-74ee-3e8b2b89c436" testName="HandWithZeroCardsShouldNotBeValid" computerName="HOMES" duration="00:00:00.0003916" startTime="2014-06-13T16:10:03.8437500+03:00" endTime="2014-06-13T16:10:03.8593750+03:00" testType="13cdc9d9-ddb5-4fa4-a97d-d965ccfc6d4b" outcome="Passed" testListId="8c84fa94-04c1-424b-9868-57a2d4851a1d" relativeResultsDirectory="e19d3bd4-a222-4587-9a05-28f941e5444b">
    </UnitTestResult>
    <UnitTestResult executionId="43b05238-255f-4429-91b8-d03d07c3bd7b" testId="b60e1417-e09d-f531-99fc-67166c972c0d" testName="CheckerShouldRecognizeFullHouseCombination" computerName="HOMES" duration="00:00:00.0017398" startTime="2014-06-13T16:10:03.8593750+03:00" endTime="2014-06-13T16:10:03.8750000+03:00" testType="13cdc9d9-ddb5-4fa4-a97d-d965ccfc6d4b" outcome="Passed" testListId="8c84fa94-04c1-424b-9868-57a2d4851a1d" relativeResultsDirectory="43b05238-255f-4429-91b8-d03d07c3bd7b">
    </UnitTestResult>
    <UnitTestResult executionId="ee0903cf-75bb-4c29-ad9d-9926f0ffa623" testId="befe51af-2857-c06a-6449-1b0d2cdf2061" testName="HandToStringShouldFollowTheGivenFormatWhenEnumIsAritmeticallyChanged" computerName="HOMES" duration="00:00:00.0010459" startTime="2014-06-13T16:10:03.8750000+03:00" endTime="2014-06-13T16:10:03.8906250+03:00" testType="13cdc9d9-ddb5-4fa4-a97d-d965ccfc6d4b" outcome="Passed" testListId="8c84fa94-04c1-424b-9868-57a2d4851a1d" relativeResultsDirectory="ee0903cf-75bb-4c29-ad9d-9926f0ffa623">
    </UnitTestResult>
    <UnitTestResult executionId="c1b6e5d3-460d-4082-b00e-809d7f5941fb" testId="c0f58013-8c25-16a0-2f3d-a1ac38180f23" testName="HandToStringShouldFollowTheGivenFormat" computerName="HOMES" duration="00:00:00.0006936" startTime="2014-06-13T16:10:03.8906250+03:00" endTime="2014-06-13T16:10:03.9062500+03:00" testType="13cdc9d9-ddb5-4fa4-a97d-d965ccfc6d4b" outcome="Passed" testListId="8c84fa94-04c1-424b-9868-57a2d4851a1d" relativeResultsDirectory="c1b6e5d3-460d-4082-b00e-809d7f5941fb">
    </UnitTestResult>
    <UnitTestResult executionId="5bef2385-4930-4950-a09a-2df6fd4019be" testId="caef306e-aa60-78e9-11ed-889a0ac8c73c" testName="CheckerShouldRecognizeHighCardCombination" computerName="HOMES" duration="00:00:00.0009235" startTime="2014-06-13T16:10:03.9062500+03:00" endTime="2014-06-13T16:10:03.9218750+03:00" testType="13cdc9d9-ddb5-4fa4-a97d-d965ccfc6d4b" outcome="Passed" testListId="8c84fa94-04c1-424b-9868-57a2d4851a1d" relativeResultsDirectory="5bef2385-4930-4950-a09a-2df6fd4019be">
    </UnitTestResult>
    <UnitTestResult executionId="b05872ab-92b5-4d86-a7bf-b11677afd39e" testId="d0191123-0ee8-75a6-bf14-a847dc71a3c0" testName="CheckerShouldRecognizeOnePairCombination" computerName="HOMES" duration="00:00:00.0009914" startTime="2014-06-13T16:10:03.9218750+03:00" endTime="2014-06-13T16:10:03.9375000+03:00" testType="13cdc9d9-ddb5-4fa4-a97d-d965ccfc6d4b" outcome="Passed" testListId="8c84fa94-04c1-424b-9868-57a2d4851a1d" relativeResultsDirectory="b05872ab-92b5-4d86-a7bf-b11677afd39e">
    </UnitTestResult>
    <UnitTestResult executionId="4d65d0f1-47fa-44c0-bf03-d8352f450857" testId="e1d93606-d25f-b828-2773-66d137665ad3" testName="CheckerShouldRecognizeFourOfAKindCombination" computerName="HOMES" duration="00:00:00.0014580" startTime="2014-06-13T16:10:03.9375000+03:00" endTime="2014-06-13T16:10:03.9531250+03:00" testType="13cdc9d9-ddb5-4fa4-a97d-d965ccfc6d4b" outcome="Passed" testListId="8c84fa94-04c1-424b-9868-57a2d4851a1d" relativeResultsDirectory="4d65d0f1-47fa-44c0-bf03-d8352f450857">
    </UnitTestResult>
  </Results>
</TestRun>