<?xml version="1.0" encoding="UTF-8"?>
<TestRun id="8dfafea5-1df2-450d-a01a-7e95bd43877d" name="User@HOMES 2014-06-13 15:32:34" runUser="HOMES\User" xmlns="http://microsoft.com/schemas/VisualStudio/TeamTest/2010">
  <TestSettings name="Local" id="bc564bda-2a21-4db9-b62c-2de7eaeb2f4a">
    <Description>These are default test settings for a local test run.</Description>
    <Deployment enabled="false" runDeploymentRoot="User_HOMES 2014-06-13 15_32_34">
      <DeploymentItem filename="D:\GitProjects\TelerikAcademy\Quality\Test-Driven-Development\Poker\bin\Debug\Poker.exe" />
    </Deployment>
    <Execution>
      <TestTypeSpecific />
      <AgentRule name="Execution Agents">
      </AgentRule>
    </Execution>
  </TestSettings>
  <Times creation="2014-06-13T15:32:34.7500000+03:00" queuing="2014-06-13T15:32:35.1562500+03:00" start="2014-06-13T15:32:35.2343750+03:00" finish="2014-06-13T15:32:36.0781250+03:00" />
  <ResultSummary outcome="Failed">
    <Counters total="16" executed="16" passed="7" error="0" failed="9" timeout="0" aborted="0" inconclusive="0" passedButRunAborted="0" notRunnable="0" notExecuted="0" disconnected="0" warning="0" completed="0" inProgress="0" pending="0" />
  </ResultSummary>
  <TestDefinitions>
    <UnitTest name="CheckerShouldRecognizeFullHouseCombination" storage="d:\gitprojects\telerikacademy\quality\test-driven-development\poker.tests\bin\debug\poker.tests.dll" id="b60e1417-e09d-f531-99fc-67166c972c0d">
      <Execution id="583ffe24-48d3-49db-b250-2ade73a196ab" />
      <TestMethod codeBase="D:/GitProjects/TelerikAcademy/Quality/Test-Driven-Development/Poker.Tests/bin/Debug/Poker.Tests.DLL" adapterTypeName="Microsoft.VisualStudio.TestTools.TestTypes.Unit.UnitTestAdapter, Microsoft.VisualStudio.QualityTools.Tips.UnitTest.Adapter, Version=10.0.0.0, Culture=neutral, PublicKeyToken=b03f5f7f11d50a3a" className="Poker.Tests.CombinationsTests, Poker.Tests, Version=1.0.0.0, Culture=neutral, PublicKeyToken=null" name="CheckerShouldRecognizeFullHouseCombination" />
    </UnitTest>
    <UnitTest name="CheckerShouldRecognizeFourOfAKindCombination" storage="d:\gitprojects\telerikacademy\quality\test-driven-development\poker.tests\bin\debug\poker.tests.dll" id="e1d93606-d25f-b828-2773-66d137665ad3">
      <Execution id="429929ff-8d82-4902-9289-c1aab390e602" />
      <TestMethod codeBase="D:/GitProjects/TelerikAcademy/Quality/Test-Driven-Development/Poker.Tests/bin/Debug/Poker.Tests.DLL" adapterTypeName="Microsoft.VisualStudio.TestTools.TestTypes.Unit.UnitTestAdapter, Microsoft.VisualStudio.QualityTools.Tips.UnitTest.Adapter, Version=10.0.0.0, Culture=neutral, PublicKeyToken=b03f5f7f11d50a3a" className="Poker.Tests.CombinationsTests, Poker.Tests, Version=1.0.0.0, Culture=neutral, PublicKeyToken=null" name="CheckerShouldRecognizeFourOfAKindCombination" />
    </UnitTest>
    <UnitTest name="CheckerShouldRecognizeFlushCombination" storage="d:\gitprojects\telerikacademy\quality\test-driven-development\poker.tests\bin\debug\poker.tests.dll" id="3e912461-f5ec-bef4-5b86-99ea01e7a0d5">
      <Execution id="9567f2a2-60ad-4c8e-a2f0-af754b872e2f" />
      <TestMethod codeBase="D:/GitProjects/TelerikAcademy/Quality/Test-Driven-Development/Poker.Tests/bin/Debug/Poker.Tests.DLL" adapterTypeName="Microsoft.VisualStudio.TestTools.TestTypes.Unit.UnitTestAdapter, Microsoft.VisualStudio.QualityTools.Tips.UnitTest.Adapter, Version=10.0.0.0, Culture=neutral, PublicKeyToken=b03f5f7f11d50a3a" className="Poker.Tests.CombinationsTests, Poker.Tests, Version=1.0.0.0, Culture=neutral, PublicKeyToken=null" name="CheckerShouldRecognizeFlushCombination" />
    </UnitTest>
    <UnitTest name="HandToStringShouldFollowTheGivenFormat" storage="d:\gitprojects\telerikacademy\quality\test-driven-development\poker.tests\bin\debug\poker.tests.dll" id="c0f58013-8c25-16a0-2f3d-a1ac38180f23">
      <Execution id="587897a1-b650-4b2d-8f21-432106b4c3c2" />
      <TestMethod codeBase="D:/GitProjects/TelerikAcademy/Quality/Test-Driven-Development/Poker.Tests/bin/Debug/Poker.Tests.DLL" adapterTypeName="Microsoft.VisualStudio.TestTools.TestTypes.Unit.UnitTestAdapter, Microsoft.VisualStudio.QualityTools.Tips.UnitTest.Adapter, Version=10.0.0.0, Culture=neutral, PublicKeyToken=b03f5f7f11d50a3a" className="Poker.Tests.HandTests, Poker.Tests, Version=1.0.0.0, Culture=neutral, PublicKeyToken=null" name="HandToStringShouldFollowTheGivenFormat" />
    </UnitTest>
    <UnitTest name="CheckerShouldRecognizeThreeOfAKindCombination" storage="d:\gitprojects\telerikacademy\quality\test-driven-development\poker.tests\bin\debug\poker.tests.dll" id="a064e2cd-62cd-9c75-5377-757ceb888ef0">
      <Execution id="58748a4a-64f9-41c2-bef0-d9501a85583b" />
      <TestMethod codeBase="D:/GitProjects/TelerikAcademy/Quality/Test-Driven-Development/Poker.Tests/bin/Debug/Poker.Tests.DLL" adapterTypeName="Microsoft.VisualStudio.TestTools.TestTypes.Unit.UnitTestAdapter, Microsoft.VisualStudio.QualityTools.Tips.UnitTest.Adapter, Version=10.0.0.0, Culture=neutral, PublicKeyToken=b03f5f7f11d50a3a" className="Poker.Tests.CombinationsTests, Poker.Tests, Version=1.0.0.0, Culture=neutral, PublicKeyToken=null" name="CheckerShouldRecognizeThreeOfAKindCombination" />
    </UnitTest>
    <UnitTest name="CheckerShouldRecognizeStraightFlushCombination" storage="d:\gitprojects\telerikacademy\quality\test-driven-development\poker.tests\bin\debug\poker.tests.dll" id="617d82f4-8c08-7f85-04fa-3dea7d6d3d59">
      <Execution id="c257d30f-25c8-48c4-8156-200ba905cdc6" />
      <TestMethod codeBase="D:/GitProjects/TelerikAcademy/Quality/Test-Driven-Development/Poker.Tests/bin/Debug/Poker.Tests.DLL" adapterTypeName="Microsoft.VisualStudio.TestTools.TestTypes.Unit.UnitTestAdapter, Microsoft.VisualStudio.QualityTools.Tips.UnitTest.Adapter, Version=10.0.0.0, Culture=neutral, PublicKeyToken=b03f5f7f11d50a3a" className="Poker.Tests.CombinationsTests, Poker.Tests, Version=1.0.0.0, Culture=neutral, PublicKeyToken=null" name="CheckerShouldRecognizeStraightFlushCombination" />
    </UnitTest>
    <UnitTest name="HandShouldNotHaveMoreThanFiveCards" storage="d:\gitprojects\telerikacademy\quality\test-driven-development\poker.tests\bin\debug\poker.tests.dll" id="4a5b6ae3-bb10-501e-24b2-f970155da52b">
      <Execution id="04e2be74-515d-4644-af51-12dce79e1d99" />
      <TestMethod codeBase="D:/GitProjects/TelerikAcademy/Quality/Test-Driven-Development/Poker.Tests/bin/Debug/Poker.Tests.DLL" adapterTypeName="Microsoft.VisualStudio.TestTools.TestTypes.Unit.UnitTestAdapter, Microsoft.VisualStudio.QualityTools.Tips.UnitTest.Adapter, Version=10.0.0.0, Culture=neutral, PublicKeyToken=b03f5f7f11d50a3a" className="Poker.Tests.HandValidationTests, Poker.Tests, Version=1.0.0.0, Culture=neutral, PublicKeyToken=null" name="HandShouldNotHaveMoreThanFiveCards" />
    </UnitTest>
    <UnitTest name="HandWithZeroCardsShouldNotBeValid" storage="d:\gitprojects\telerikacademy\quality\test-driven-development\poker.tests\bin\debug\poker.tests.dll" id="a7ad43fc-7e41-bd1f-74ee-3e8b2b89c436">
      <Execution id="d56350e3-43fd-45fd-8b83-aa5f578be0a3" />
      <TestMethod codeBase="D:/GitProjects/TelerikAcademy/Quality/Test-Driven-Development/Poker.Tests/bin/Debug/Poker.Tests.DLL" adapterTypeName="Microsoft.VisualStudio.TestTools.TestTypes.Unit.UnitTestAdapter, Microsoft.VisualStudio.QualityTools.Tips.UnitTest.Adapter, Version=10.0.0.0, Culture=neutral, PublicKeyToken=b03f5f7f11d50a3a" className="Poker.Tests.HandValidationTests, Poker.Tests, Version=1.0.0.0, Culture=neutral, PublicKeyToken=null" name="HandWithZeroCardsShouldNotBeValid" />
    </UnitTest>
    <UnitTest name="CheckerShouldRecognizeOnePairCombination" storage="d:\gitprojects\telerikacademy\quality\test-driven-development\poker.tests\bin\debug\poker.tests.dll" id="d0191123-0ee8-75a6-bf14-a847dc71a3c0">
      <Execution id="ba2041ab-2e31-4bb7-b48c-42ae89c076cd" />
      <TestMethod codeBase="D:/GitProjects/TelerikAcademy/Quality/Test-Driven-Development/Poker.Tests/bin/Debug/Poker.Tests.DLL" adapterTypeName="Microsoft.VisualStudio.TestTools.TestTypes.Unit.UnitTestAdapter, Microsoft.VisualStudio.QualityTools.Tips.UnitTest.Adapter, Version=10.0.0.0, Culture=neutral, PublicKeyToken=b03f5f7f11d50a3a" className="Poker.Tests.CombinationsTests, Poker.Tests, Version=1.0.0.0, Culture=neutral, PublicKeyToken=null" name="CheckerShouldRecognizeOnePairCombination" />
    </UnitTest>
    <UnitTest name="CheckerShouldRecognizeHighCardCombination" storage="d:\gitprojects\telerikacademy\quality\test-driven-development\poker.tests\bin\debug\poker.tests.dll" id="caef306e-aa60-78e9-11ed-889a0ac8c73c">
      <Execution id="36100a4c-4bfa-4625-926e-a3edc1ec1a86" />
      <TestMethod codeBase="D:/GitProjects/TelerikAcademy/Quality/Test-Driven-Development/Poker.Tests/bin/Debug/Poker.Tests.DLL" adapterTypeName="Microsoft.VisualStudio.TestTools.TestTypes.Unit.UnitTestAdapter, Microsoft.VisualStudio.QualityTools.Tips.UnitTest.Adapter, Version=10.0.0.0, Culture=neutral, PublicKeyToken=b03f5f7f11d50a3a" className="Poker.Tests.CombinationsTests, Poker.Tests, Version=1.0.0.0, Culture=neutral, PublicKeyToken=null" name="CheckerShouldRecognizeHighCardCombination" />
    </UnitTest>
    <UnitTest name="HandToStringShouldFollowTheGivenFormatWhenEnumIsAritmeticallyChanged" storage="d:\gitprojects\telerikacademy\quality\test-driven-development\poker.tests\bin\debug\poker.tests.dll" id="befe51af-2857-c06a-6449-1b0d2cdf2061">
      <Execution id="0119fd42-0ad3-4b97-b691-de38826ad174" />
      <TestMethod codeBase="D:/GitProjects/TelerikAcademy/Quality/Test-Driven-Development/Poker.Tests/bin/Debug/Poker.Tests.DLL" adapterTypeName="Microsoft.VisualStudio.TestTools.TestTypes.Unit.UnitTestAdapter, Microsoft.VisualStudio.QualityTools.Tips.UnitTest.Adapter, Version=10.0.0.0, Culture=neutral, PublicKeyToken=b03f5f7f11d50a3a" className="Poker.Tests.HandTests, Poker.Tests, Version=1.0.0.0, Culture=neutral, PublicKeyToken=null" name="HandToStringShouldFollowTheGivenFormatWhenEnumIsAritmeticallyChanged" />
    </UnitTest>
    <UnitTest name="HandWithRepeatingCardsShouldNotBeValid" storage="d:\gitprojects\telerikacademy\quality\test-driven-development\poker.tests\bin\debug\poker.tests.dll" id="83b8f170-80e4-0b29-09e5-64b876ffbc9c">
      <Execution id="8ff73e7c-0274-44dd-bad3-2a28be00029a" />
      <TestMethod codeBase="D:/GitProjects/TelerikAcademy/Quality/Test-Driven-Development/Poker.Tests/bin/Debug/Poker.Tests.DLL" adapterTypeName="Microsoft.VisualStudio.TestTools.TestTypes.Unit.UnitTestAdapter, Microsoft.VisualStudio.QualityTools.Tips.UnitTest.Adapter, Version=10.0.0.0, Culture=neutral, PublicKeyToken=b03f5f7f11d50a3a" className="Poker.Tests.HandValidationTests, Poker.Tests, Version=1.0.0.0, Culture=neutral, PublicKeyToken=null" name="HandWithRepeatingCardsShouldNotBeValid" />
    </UnitTest>
    <UnitTest name="CardToStringShouldFollowTheGivenFormat" storage="d:\gitprojects\telerikacademy\quality\test-driven-development\poker.tests\bin\debug\poker.tests.dll" id="5bf2ae0c-21eb-a8ce-8af8-db2e3c1c7082">
      <Execution id="faf16790-df55-4de6-a761-55a73fdb425d" />
      <TestMethod codeBase="D:/GitProjects/TelerikAcademy/Quality/Test-Driven-Development/Poker.Tests/bin/Debug/Poker.Tests.DLL" adapterTypeName="Microsoft.VisualStudio.TestTools.TestTypes.Unit.UnitTestAdapter, Microsoft.VisualStudio.QualityTools.Tips.UnitTest.Adapter, Version=10.0.0.0, Culture=neutral, PublicKeyToken=b03f5f7f11d50a3a" className="Poker.Tests.CardTests, Poker.Tests, Version=1.0.0.0, Culture=neutral, PublicKeyToken=null" name="CardToStringShouldFollowTheGivenFormat" />
    </UnitTest>
    <UnitTest name="CardToStringShouldFollowTheGivenFormatWhenEnumIsAritmeticallyChanged" storage="d:\gitprojects\telerikacademy\quality\test-driven-development\poker.tests\bin\debug\poker.tests.dll" id="8fda5f33-a9b9-5a41-07dc-a2f25844e49c">
      <Execution id="c4be12f9-773e-40d9-828b-ddb06c78cc0a" />
      <TestMethod codeBase="D:/GitProjects/TelerikAcademy/Quality/Test-Driven-Development/Poker.Tests/bin/Debug/Poker.Tests.DLL" adapterTypeName="Microsoft.VisualStudio.TestTools.TestTypes.Unit.UnitTestAdapter, Microsoft.VisualStudio.QualityTools.Tips.UnitTest.Adapter, Version=10.0.0.0, Culture=neutral, PublicKeyToken=b03f5f7f11d50a3a" className="Poker.Tests.CardTests, Poker.Tests, Version=1.0.0.0, Culture=neutral, PublicKeyToken=null" name="CardToStringShouldFollowTheGivenFormatWhenEnumIsAritmeticallyChanged" />
    </UnitTest>
    <UnitTest name="CheckerShouldRecognizeTwoPairCombination" storage="d:\gitprojects\telerikacademy\quality\test-driven-development\poker.tests\bin\debug\poker.tests.dll" id="96852268-b311-2b16-1fdd-8f23fa73e18e">
      <Execution id="b33a438c-1ac6-4569-a25e-3a62a5fb1262" />
      <TestMethod codeBase="D:/GitProjects/TelerikAcademy/Quality/Test-Driven-Development/Poker.Tests/bin/Debug/Poker.Tests.DLL" adapterTypeName="Microsoft.VisualStudio.TestTools.TestTypes.Unit.UnitTestAdapter, Microsoft.VisualStudio.QualityTools.Tips.UnitTest.Adapter, Version=10.0.0.0, Culture=neutral, PublicKeyToken=b03f5f7f11d50a3a" className="Poker.Tests.CombinationsTests, Poker.Tests, Version=1.0.0.0, Culture=neutral, PublicKeyToken=null" name="CheckerShouldRecognizeTwoPairCombination" />
    </UnitTest>
    <UnitTest name="CheckerShouldRecognizeStraightCombination" storage="d:\gitprojects\telerikacademy\quality\test-driven-development\poker.tests\bin\debug\poker.tests.dll" id="a5ae1f90-0dad-63ce-1c82-89adf313a505">
      <Execution id="057858a4-e052-4be7-a66a-4dc844604f43" />
      <TestMethod codeBase="D:/GitProjects/TelerikAcademy/Quality/Test-Driven-Development/Poker.Tests/bin/Debug/Poker.Tests.DLL" adapterTypeName="Microsoft.VisualStudio.TestTools.TestTypes.Unit.UnitTestAdapter, Microsoft.VisualStudio.QualityTools.Tips.UnitTest.Adapter, Version=10.0.0.0, Culture=neutral, PublicKeyToken=b03f5f7f11d50a3a" className="Poker.Tests.CombinationsTests, Poker.Tests, Version=1.0.0.0, Culture=neutral, PublicKeyToken=null" name="CheckerShouldRecognizeStraightCombination" />
    </UnitTest>
  </TestDefinitions>
  <TestLists>
    <TestList name="Results Not in a List" id="8c84fa94-04c1-424b-9868-57a2d4851a1d" />
    <TestList name="All Loaded Results" id="19431567-8539-422a-85d7-44ee4e166bda" />
  </TestLists>
  <TestEntries>
    <TestEntry testId="3e912461-f5ec-bef4-5b86-99ea01e7a0d5" executionId="9567f2a2-60ad-4c8e-a2f0-af754b872e2f" testListId="8c84fa94-04c1-424b-9868-57a2d4851a1d" />
    <TestEntry testId="4a5b6ae3-bb10-501e-24b2-f970155da52b" executionId="04e2be74-515d-4644-af51-12dce79e1d99" testListId="8c84fa94-04c1-424b-9868-57a2d4851a1d" />
    <TestEntry testId="5bf2ae0c-21eb-a8ce-8af8-db2e3c1c7082" executionId="faf16790-df55-4de6-a761-55a73fdb425d" testListId="8c84fa94-04c1-424b-9868-57a2d4851a1d" />
    <TestEntry testId="617d82f4-8c08-7f85-04fa-3dea7d6d3d59" executionId="c257d30f-25c8-48c4-8156-200ba905cdc6" testListId="8c84fa94-04c1-424b-9868-57a2d4851a1d" />
    <TestEntry testId="83b8f170-80e4-0b29-09e5-64b876ffbc9c" executionId="8ff73e7c-0274-44dd-bad3-2a28be00029a" testListId="8c84fa94-04c1-424b-9868-57a2d4851a1d" />
    <TestEntry testId="8fda5f33-a9b9-5a41-07dc-a2f25844e49c" executionId="c4be12f9-773e-40d9-828b-ddb06c78cc0a" testListId="8c84fa94-04c1-424b-9868-57a2d4851a1d" />
    <TestEntry testId="96852268-b311-2b16-1fdd-8f23fa73e18e" executionId="b33a438c-1ac6-4569-a25e-3a62a5fb1262" testListId="8c84fa94-04c1-424b-9868-57a2d4851a1d" />
    <TestEntry testId="a064e2cd-62cd-9c75-5377-757ceb888ef0" executionId="58748a4a-64f9-41c2-bef0-d9501a85583b" testListId="8c84fa94-04c1-424b-9868-57a2d4851a1d" />
    <TestEntry testId="a5ae1f90-0dad-63ce-1c82-89adf313a505" executionId="057858a4-e052-4be7-a66a-4dc844604f43" testListId="8c84fa94-04c1-424b-9868-57a2d4851a1d" />
    <TestEntry testId="a7ad43fc-7e41-bd1f-74ee-3e8b2b89c436" executionId="d56350e3-43fd-45fd-8b83-aa5f578be0a3" testListId="8c84fa94-04c1-424b-9868-57a2d4851a1d" />
    <TestEntry testId="b60e1417-e09d-f531-99fc-67166c972c0d" executionId="583ffe24-48d3-49db-b250-2ade73a196ab" testListId="8c84fa94-04c1-424b-9868-57a2d4851a1d" />
    <TestEntry testId="befe51af-2857-c06a-6449-1b0d2cdf2061" executionId="0119fd42-0ad3-4b97-b691-de38826ad174" testListId="8c84fa94-04c1-424b-9868-57a2d4851a1d" />
    <TestEntry testId="c0f58013-8c25-16a0-2f3d-a1ac38180f23" executionId="587897a1-b650-4b2d-8f21-432106b4c3c2" testListId="8c84fa94-04c1-424b-9868-57a2d4851a1d" />
    <TestEntry testId="caef306e-aa60-78e9-11ed-889a0ac8c73c" executionId="36100a4c-4bfa-4625-926e-a3edc1ec1a86" testListId="8c84fa94-04c1-424b-9868-57a2d4851a1d" />
    <TestEntry testId="d0191123-0ee8-75a6-bf14-a847dc71a3c0" executionId="ba2041ab-2e31-4bb7-b48c-42ae89c076cd" testListId="8c84fa94-04c1-424b-9868-57a2d4851a1d" />
    <TestEntry testId="e1d93606-d25f-b828-2773-66d137665ad3" executionId="429929ff-8d82-4902-9289-c1aab390e602" testListId="8c84fa94-04c1-424b-9868-57a2d4851a1d" />
  </TestEntries>
  <Results>
    <UnitTestResult executionId="9567f2a2-60ad-4c8e-a2f0-af754b872e2f" testId="3e912461-f5ec-bef4-5b86-99ea01e7a0d5" testName="CheckerShouldRecognizeFlushCombination" computerName="HOMES" duration="00:00:00.1083523" startTime="2014-06-13T15:32:35.2500000+03:00" endTime="2014-06-13T15:32:35.7500000+03:00" testType="13cdc9d9-ddb5-4fa4-a97d-d965ccfc6d4b" outcome="Failed" testListId="8c84fa94-04c1-424b-9868-57a2d4851a1d" relativeResultsDirectory="9567f2a2-60ad-4c8e-a2f0-af754b872e2f">
      <Output>
        <ErrorInfo>
          <Message>Test method Poker.Tests.CombinationsTests.CheckerShouldRecognizeFlushCombination threw exception: 
System.NotImplementedException: The method or operation is not implemented.</Message>
          <StackTrace>    at Poker.PokerHandsChecker.IsFlush(IHand hand) in D:\GitProjects\TelerikAcademy\Quality\Test-Driven-Development\Poker\PokerHandsChecker.cs:line 50
   at Poker.Tests.CombinationsTests.CheckerShouldRecognizeFlushCombination() in D:\GitProjects\TelerikAcademy\Quality\Test-Driven-Development\Poker.Tests\CombinationsTests.cs:line 111
</StackTrace>
        </ErrorInfo>
      </Output>
    </UnitTestResult>
    <UnitTestResult executionId="04e2be74-515d-4644-af51-12dce79e1d99" testId="4a5b6ae3-bb10-501e-24b2-f970155da52b" testName="HandShouldNotHaveMoreThanFiveCards" computerName="HOMES" duration="00:00:00.0017228" startTime="2014-06-13T15:32:35.7500000+03:00" endTime="2014-06-13T15:32:35.7812500+03:00" testType="13cdc9d9-ddb5-4fa4-a97d-d965ccfc6d4b" outcome="Passed" testListId="8c84fa94-04c1-424b-9868-57a2d4851a1d" relativeResultsDirectory="04e2be74-515d-4644-af51-12dce79e1d99">
    </UnitTestResult>
    <UnitTestResult executionId="faf16790-df55-4de6-a761-55a73fdb425d" testId="5bf2ae0c-21eb-a8ce-8af8-db2e3c1c7082" testName="CardToStringShouldFollowTheGivenFormat" computerName="HOMES" duration="00:00:00.0010881" startTime="2014-06-13T15:32:35.7812500+03:00" endTime="2014-06-13T15:32:35.7812500+03:00" testType="13cdc9d9-ddb5-4fa4-a97d-d965ccfc6d4b" outcome="Passed" testListId="8c84fa94-04c1-424b-9868-57a2d4851a1d" relativeResultsDirectory="faf16790-df55-4de6-a761-55a73fdb425d">
    </UnitTestResult>
    <UnitTestResult executionId="c257d30f-25c8-48c4-8156-200ba905cdc6" testId="617d82f4-8c08-7f85-04fa-3dea7d6d3d59" testName="CheckerShouldRecognizeStraightFlushCombination" computerName="HOMES" duration="00:00:00.0028500" startTime="2014-06-13T15:32:35.7968750+03:00" endTime="2014-06-13T15:32:35.8125000+03:00" testType="13cdc9d9-ddb5-4fa4-a97d-d965ccfc6d4b" outcome="Failed" testListId="8c84fa94-04c1-424b-9868-57a2d4851a1d" relativeResultsDirectory="c257d30f-25c8-48c4-8156-200ba905cdc6">
      <Output>
        <ErrorInfo>
          <Message>Test method Poker.Tests.CombinationsTests.CheckerShouldRecognizeStraightFlushCombination threw exception: 
System.NotImplementedException: The method or operation is not implemented.</Message>
          <StackTrace>    at Poker.PokerHandsChecker.IsStraightFlush(IHand hand) in D:\GitProjects\TelerikAcademy\Quality\Test-Driven-Development\Poker\PokerHandsChecker.cs:line 35
   at Poker.Tests.CombinationsTests.CheckerShouldRecognizeStraightFlushCombination() in D:\GitProjects\TelerikAcademy\Quality\Test-Driven-Development\Poker.Tests\CombinationsTests.cs:line 159
</StackTrace>
        </ErrorInfo>
      </Output>
    </UnitTestResult>
    <UnitTestResult executionId="8ff73e7c-0274-44dd-bad3-2a28be00029a" testId="83b8f170-80e4-0b29-09e5-64b876ffbc9c" testName="HandWithRepeatingCardsShouldNotBeValid" computerName="HOMES" duration="00:00:00.0008375" startTime="2014-06-13T15:32:35.8125000+03:00" endTime="2014-06-13T15:32:35.8281250+03:00" testType="13cdc9d9-ddb5-4fa4-a97d-d965ccfc6d4b" outcome="Passed" testListId="8c84fa94-04c1-424b-9868-57a2d4851a1d" relativeResultsDirectory="8ff73e7c-0274-44dd-bad3-2a28be00029a">
    </UnitTestResult>
    <UnitTestResult executionId="c4be12f9-773e-40d9-828b-ddb06c78cc0a" testId="8fda5f33-a9b9-5a41-07dc-a2f25844e49c" testName="CardToStringShouldFollowTheGivenFormatWhenEnumIsAritmeticallyChanged" computerName="HOMES" duration="00:00:00.0005534" startTime="2014-06-13T15:32:35.8281250+03:00" endTime="2014-06-13T15:32:35.8437500+03:00" testType="13cdc9d9-ddb5-4fa4-a97d-d965ccfc6d4b" outcome="Passed" testListId="8c84fa94-04c1-424b-9868-57a2d4851a1d" relativeResultsDirectory="c4be12f9-773e-40d9-828b-ddb06c78cc0a">
    </UnitTestResult>
    <UnitTestResult executionId="b33a438c-1ac6-4569-a25e-3a62a5fb1262" testId="96852268-b311-2b16-1fdd-8f23fa73e18e" testName="CheckerShouldRecognizeTwoPairCombination" computerName="HOMES" duration="00:00:00.0027260" startTime="2014-06-13T15:32:35.8437500+03:00" endTime="2014-06-13T15:32:35.8593750+03:00" testType="13cdc9d9-ddb5-4fa4-a97d-d965ccfc6d4b" outcome="Failed" testListId="8c84fa94-04c1-424b-9868-57a2d4851a1d" relativeResultsDirectory="b33a438c-1ac6-4569-a25e-3a62a5fb1262">
      <Output>
        <ErrorInfo>
          <Message>Test method Poker.Tests.CombinationsTests.CheckerShouldRecognizeTwoPairCombination threw exception: 
System.NotImplementedException: The method or operation is not implemented.</Message>
          <StackTrace>    at Poker.PokerHandsChecker.IsTwoPair(IHand hand) in D:\GitProjects\TelerikAcademy\Quality\Test-Driven-Development\Poker\PokerHandsChecker.cs:line 65
   at Poker.Tests.CombinationsTests.CheckerShouldRecognizeTwoPairCombination() in D:\GitProjects\TelerikAcademy\Quality\Test-Driven-Development\Poker.Tests\CombinationsTests.cs:line 63
</StackTrace>
        </ErrorInfo>
      </Output>
    </UnitTestResult>
    <UnitTestResult executionId="58748a4a-64f9-41c2-bef0-d9501a85583b" testId="a064e2cd-62cd-9c75-5377-757ceb888ef0" testName="CheckerShouldRecognizeThreeOfAKindCombination" computerName="HOMES" duration="00:00:00.0027503" startTime="2014-06-13T15:32:35.8593750+03:00" endTime="2014-06-13T15:32:35.8750000+03:00" testType="13cdc9d9-ddb5-4fa4-a97d-d965ccfc6d4b" outcome="Failed" testListId="8c84fa94-04c1-424b-9868-57a2d4851a1d" relativeResultsDirectory="58748a4a-64f9-41c2-bef0-d9501a85583b">
      <Output>
        <ErrorInfo>
          <Message>Test method Poker.Tests.CombinationsTests.CheckerShouldRecognizeThreeOfAKindCombination threw exception: 
System.NotImplementedException: The method or operation is not implemented.</Message>
          <StackTrace>    at Poker.PokerHandsChecker.IsThreeOfAKind(IHand hand) in D:\GitProjects\TelerikAcademy\Quality\Test-Driven-Development\Poker\PokerHandsChecker.cs:line 60
   at Poker.Tests.CombinationsTests.CheckerShouldRecognizeThreeOfAKindCombination() in D:\GitProjects\TelerikAcademy\Quality\Test-Driven-Development\Poker.Tests\CombinationsTests.cs:line 79
</StackTrace>
        </ErrorInfo>
      </Output>
    </UnitTestResult>
    <UnitTestResult executionId="057858a4-e052-4be7-a66a-4dc844604f43" testId="a5ae1f90-0dad-63ce-1c82-89adf313a505" testName="CheckerShouldRecognizeStraightCombination" computerName="HOMES" duration="00:00:00.0027816" startTime="2014-06-13T15:32:35.8750000+03:00" endTime="2014-06-13T15:32:35.8906250+03:00" testType="13cdc9d9-ddb5-4fa4-a97d-d965ccfc6d4b" outcome="Failed" testListId="8c84fa94-04c1-424b-9868-57a2d4851a1d" relativeResultsDirectory="057858a4-e052-4be7-a66a-4dc844604f43">
      <Output>
        <ErrorInfo>
          <Message>Test method Poker.Tests.CombinationsTests.CheckerShouldRecognizeStraightCombination threw exception: 
System.NotImplementedException: The method or operation is not implemented.</Message>
          <StackTrace>    at Poker.PokerHandsChecker.IsStraight(IHand hand) in D:\GitProjects\TelerikAcademy\Quality\Test-Driven-Development\Poker\PokerHandsChecker.cs:line 55
   at Poker.Tests.CombinationsTests.CheckerShouldRecognizeStraightCombination() in D:\GitProjects\TelerikAcademy\Quality\Test-Driven-Development\Poker.Tests\CombinationsTests.cs:line 95
</StackTrace>
        </ErrorInfo>
      </Output>
    </UnitTestResult>
    <UnitTestResult executionId="d56350e3-43fd-45fd-8b83-aa5f578be0a3" testId="a7ad43fc-7e41-bd1f-74ee-3e8b2b89c436" testName="HandWithZeroCardsShouldNotBeValid" computerName="HOMES" duration="00:00:00.0004405" startTime="2014-06-13T15:32:35.8906250+03:00" endTime="2014-06-13T15:32:35.9062500+03:00" testType="13cdc9d9-ddb5-4fa4-a97d-d965ccfc6d4b" outcome="Passed" testListId="8c84fa94-04c1-424b-9868-57a2d4851a1d" relativeResultsDirectory="d56350e3-43fd-45fd-8b83-aa5f578be0a3">
    </UnitTestResult>
    <UnitTestResult executionId="583ffe24-48d3-49db-b250-2ade73a196ab" testId="b60e1417-e09d-f531-99fc-67166c972c0d" testName="CheckerShouldRecognizeFullHouseCombination" computerName="HOMES" duration="00:00:00.0029229" startTime="2014-06-13T15:32:35.9062500+03:00" endTime="2014-06-13T15:32:35.9218750+03:00" testType="13cdc9d9-ddb5-4fa4-a97d-d965ccfc6d4b" outcome="Failed" testListId="8c84fa94-04c1-424b-9868-57a2d4851a1d" relativeResultsDirectory="583ffe24-48d3-49db-b250-2ade73a196ab">
      <Output>
        <ErrorInfo>
          <Message>Test method Poker.Tests.CombinationsTests.CheckerShouldRecognizeFullHouseCombination threw exception: 
System.NotImplementedException: The method or operation is not implemented.</Message>
          <StackTrace>    at Poker.PokerHandsChecker.IsFullHouse(IHand hand) in D:\GitProjects\TelerikAcademy\Quality\Test-Driven-Development\Poker\PokerHandsChecker.cs:line 45
   at Poker.Tests.CombinationsTests.CheckerShouldRecognizeFullHouseCombination() in D:\GitProjects\TelerikAcademy\Quality\Test-Driven-Development\Poker.Tests\CombinationsTests.cs:line 127
</StackTrace>
        </ErrorInfo>
      </Output>
    </UnitTestResult>
    <UnitTestResult executionId="0119fd42-0ad3-4b97-b691-de38826ad174" testId="befe51af-2857-c06a-6449-1b0d2cdf2061" testName="HandToStringShouldFollowTheGivenFormatWhenEnumIsAritmeticallyChanged" computerName="HOMES" duration="00:00:00.0010699" startTime="2014-06-13T15:32:35.9218750+03:00" endTime="2014-06-13T15:32:35.9375000+03:00" testType="13cdc9d9-ddb5-4fa4-a97d-d965ccfc6d4b" outcome="Passed" testListId="8c84fa94-04c1-424b-9868-57a2d4851a1d" relativeResultsDirectory="0119fd42-0ad3-4b97-b691-de38826ad174">
    </UnitTestResult>
    <UnitTestResult executionId="587897a1-b650-4b2d-8f21-432106b4c3c2" testId="c0f58013-8c25-16a0-2f3d-a1ac38180f23" testName="HandToStringShouldFollowTheGivenFormat" computerName="HOMES" duration="00:00:00.0006092" startTime="2014-06-13T15:32:35.9375000+03:00" endTime="2014-06-13T15:32:35.9531250+03:00" testType="13cdc9d9-ddb5-4fa4-a97d-d965ccfc6d4b" outcome="Passed" testListId="8c84fa94-04c1-424b-9868-57a2d4851a1d" relativeResultsDirectory="587897a1-b650-4b2d-8f21-432106b4c3c2">
    </UnitTestResult>
    <UnitTestResult executionId="36100a4c-4bfa-4625-926e-a3edc1ec1a86" testId="caef306e-aa60-78e9-11ed-889a0ac8c73c" testName="CheckerShouldRecognizeHighCardCombination" computerName="HOMES" duration="00:00:00.0039507" startTime="2014-06-13T15:32:35.9531250+03:00" endTime="2014-06-13T15:32:35.9687500+03:00" testType="13cdc9d9-ddb5-4fa4-a97d-d965ccfc6d4b" outcome="Failed" testListId="8c84fa94-04c1-424b-9868-57a2d4851a1d" relativeResultsDirectory="36100a4c-4bfa-4625-926e-a3edc1ec1a86">
      <Output>
        <ErrorInfo>
          <Message>Test method Poker.Tests.CombinationsTests.CheckerShouldRecognizeHighCardCombination threw exception: 
System.NotImplementedException: The method or operation is not implemented.</Message>
          <StackTrace>    at Poker.PokerHandsChecker.IsHighCard(IHand hand) in D:\GitProjects\TelerikAcademy\Quality\Test-Driven-Development\Poker\PokerHandsChecker.cs:line 75
   at Poker.Tests.CombinationsTests.CheckerShouldRecognizeHighCardCombination() in D:\GitProjects\TelerikAcademy\Quality\Test-Driven-Development\Poker.Tests\CombinationsTests.cs:line 34
</StackTrace>
        </ErrorInfo>
      </Output>
    </UnitTestResult>
    <UnitTestResult executionId="ba2041ab-2e31-4bb7-b48c-42ae89c076cd" testId="d0191123-0ee8-75a6-bf14-a847dc71a3c0" testName="CheckerShouldRecognizeOnePairCombination" computerName="HOMES" duration="00:00:00.0054568" startTime="2014-06-13T15:32:35.9687500+03:00" endTime="2014-06-13T15:32:35.9843750+03:00" testType="13cdc9d9-ddb5-4fa4-a97d-d965ccfc6d4b" outcome="Failed" testListId="8c84fa94-04c1-424b-9868-57a2d4851a1d" relativeResultsDirectory="ba2041ab-2e31-4bb7-b48c-42ae89c076cd">
      <Output>
        <ErrorInfo>
          <Message>Test method Poker.Tests.CombinationsTests.CheckerShouldRecognizeOnePairCombination threw exception: 
System.NotImplementedException: The method or operation is not implemented.</Message>
          <StackTrace>    at Poker.PokerHandsChecker.IsOnePair(IHand hand) in D:\GitProjects\TelerikAcademy\Quality\Test-Driven-Development\Poker\PokerHandsChecker.cs:line 70
   at Poker.Tests.CombinationsTests.CheckerShouldRecognizeOnePairCombination() in D:\GitProjects\TelerikAcademy\Quality\Test-Driven-Development\Poker.Tests\CombinationsTests.cs:line 48
</StackTrace>
        </ErrorInfo>
      </Output>
    </UnitTestResult>
    <UnitTestResult executionId="429929ff-8d82-4902-9289-c1aab390e602" testId="e1d93606-d25f-b828-2773-66d137665ad3" testName="CheckerShouldRecognizeFourOfAKindCombination" computerName="HOMES" duration="00:00:00.0035744" startTime="2014-06-13T15:32:35.9843750+03:00" endTime="2014-06-13T15:32:36.0000000+03:00" testType="13cdc9d9-ddb5-4fa4-a97d-d965ccfc6d4b" outcome="Failed" testListId="8c84fa94-04c1-424b-9868-57a2d4851a1d" relativeResultsDirectory="429929ff-8d82-4902-9289-c1aab390e602">
      <Output>
        <ErrorInfo>
          <Message>Test method Poker.Tests.CombinationsTests.CheckerShouldRecognizeFourOfAKindCombination threw exception: 
System.NotImplementedException: The method or operation is not implemented.</Message>
          <StackTrace>    at Poker.PokerHandsChecker.IsFourOfAKind(IHand hand) in D:\GitProjects\TelerikAcademy\Quality\Test-Driven-Development\Poker\PokerHandsChecker.cs:line 40
   at Poker.Tests.CombinationsTests.CheckerShouldRecognizeFourOfAKindCombination() in D:\GitProjects\TelerikAcademy\Quality\Test-Driven-Development\Poker.Tests\CombinationsTests.cs:line 143
</StackTrace>
        </ErrorInfo>
      </Output>
    </UnitTestResult>
  </Results>
</TestRun>