<?xml version="1.0" encoding="UTF-8"?>
<TestRun id="6b277831-be2b-48e2-9567-70a71466c6aa" name="User@HOMES 2014-06-19 08:53:58" runUser="HOMES\User" xmlns="http://microsoft.com/schemas/VisualStudio/TeamTest/2010">
  <TestSettings name="Local" id="04578d65-7d6f-4c57-b298-2b93f16ac298">
    <Description>These are default test settings for a local test run.</Description>
    <Deployment enabled="false" runDeploymentRoot="User_HOMES 2014-06-19 08_53_58">
      <DeploymentItem filename="D:\GitProjects\TelerikAcademy\Quality\Refactoring-Homework\bin\Debug\MatrixTraversing.exe" />
    </Deployment>
    <Execution>
      <TestTypeSpecific />
      <AgentRule name="Execution Agents">
      </AgentRule>
    </Execution>
  </TestSettings>
  <Times creation="2014-06-19T08:53:58.5468750+03:00" queuing="2014-06-19T08:53:58.5781250+03:00" start="2014-06-19T08:53:58.5937500+03:00" finish="2014-06-19T08:53:59.0625000+03:00" />
  <ResultSummary outcome="Failed">
    <Counters total="3" executed="3" passed="2" error="0" failed="1" timeout="0" aborted="0" inconclusive="0" passedButRunAborted="0" notRunnable="0" notExecuted="0" disconnected="0" warning="0" completed="0" inProgress="0" pending="0" />
  </ResultSummary>
  <TestDefinitions>
    <UnitTest name="TheDiagonalLineShouldConsistOfIncreasingNumbers" storage="d:\gitprojects\telerikacademy\quality\testproject1\bin\debug\testproject1.dll" id="8ed5fd4d-e2d3-52fa-7a5e-4b107f214009">
      <Execution id="91f57c18-165b-4338-ac3b-37a0861a834e" />
      <TestMethod codeBase="D:/GitProjects/TelerikAcademy/Quality/TestProject1/bin/Debug/TestProject1.DLL" adapterTypeName="Microsoft.VisualStudio.TestTools.TestTypes.Unit.UnitTestAdapter, Microsoft.VisualStudio.QualityTools.Tips.UnitTest.Adapter, Version=10.0.0.0, Culture=neutral, PublicKeyToken=b03f5f7f11d50a3a" className="TestProject1.MatrixTraversingTest, TestProject1, Version=1.0.0.0, Culture=neutral, PublicKeyToken=null" name="TheDiagonalLineShouldConsistOfIncreasingNumbers" />
    </UnitTest>
    <UnitTest name="ThereShouldntBeTwoSameElementsInMatrix" storage="d:\gitprojects\telerikacademy\quality\testproject1\bin\debug\testproject1.dll" id="8e04e09c-9133-53c0-e182-e4bdd6410fec">
      <Execution id="c73f2725-c677-4e98-9e5a-d3279d7e58ff" />
      <TestMethod codeBase="D:/GitProjects/TelerikAcademy/Quality/TestProject1/bin/Debug/TestProject1.DLL" adapterTypeName="Microsoft.VisualStudio.TestTools.TestTypes.Unit.UnitTestAdapter, Microsoft.VisualStudio.QualityTools.Tips.UnitTest.Adapter, Version=10.0.0.0, Culture=neutral, PublicKeyToken=b03f5f7f11d50a3a" className="TestProject1.MatrixTraversingTest, TestProject1, Version=1.0.0.0, Culture=neutral, PublicKeyToken=null" name="ThereShouldntBeTwoSameElementsInMatrix" />
    </UnitTest>
    <UnitTest name="SmallMatrixShouldBeCorrect" storage="d:\gitprojects\telerikacademy\quality\testproject1\bin\debug\testproject1.dll" id="3fc0259e-0c06-3f30-10a8-d831a3a7f598">
      <Execution id="a39a6172-a366-43b1-a501-b2e8daef638b" />
      <TestMethod codeBase="D:/GitProjects/TelerikAcademy/Quality/TestProject1/bin/Debug/TestProject1.DLL" adapterTypeName="Microsoft.VisualStudio.TestTools.TestTypes.Unit.UnitTestAdapter, Microsoft.VisualStudio.QualityTools.Tips.UnitTest.Adapter, Version=10.0.0.0, Culture=neutral, PublicKeyToken=b03f5f7f11d50a3a" className="TestProject1.MatrixTraversingTest, TestProject1, Version=1.0.0.0, Culture=neutral, PublicKeyToken=null" name="SmallMatrixShouldBeCorrect" />
    </UnitTest>
  </TestDefinitions>
  <TestLists>
    <TestList name="Results Not in a List" id="8c84fa94-04c1-424b-9868-57a2d4851a1d" />
    <TestList name="All Loaded Results" id="19431567-8539-422a-85d7-44ee4e166bda" />
  </TestLists>
  <TestEntries>
    <TestEntry testId="3fc0259e-0c06-3f30-10a8-d831a3a7f598" executionId="a39a6172-a366-43b1-a501-b2e8daef638b" testListId="8c84fa94-04c1-424b-9868-57a2d4851a1d" />
    <TestEntry testId="8e04e09c-9133-53c0-e182-e4bdd6410fec" executionId="c73f2725-c677-4e98-9e5a-d3279d7e58ff" testListId="8c84fa94-04c1-424b-9868-57a2d4851a1d" />
    <TestEntry testId="8ed5fd4d-e2d3-52fa-7a5e-4b107f214009" executionId="91f57c18-165b-4338-ac3b-37a0861a834e" testListId="8c84fa94-04c1-424b-9868-57a2d4851a1d" />
  </TestEntries>
  <Results>
    <UnitTestResult executionId="a39a6172-a366-43b1-a501-b2e8daef638b" testId="3fc0259e-0c06-3f30-10a8-d831a3a7f598" testName="SmallMatrixShouldBeCorrect" computerName="HOMES" duration="00:00:00.0720488" startTime="2014-06-19T08:53:58.6093750+03:00" endTime="2014-06-19T08:53:59.0000000+03:00" testType="13cdc9d9-ddb5-4fa4-a97d-d965ccfc6d4b" outcome="Failed" testListId="8c84fa94-04c1-424b-9868-57a2d4851a1d" relativeResultsDirectory="a39a6172-a366-43b1-a501-b2e8daef638b">
      <Output>
        <ErrorInfo>
          <Message>Assert.AreEqual failed. Expected:&lt;1&gt;. Actual:&lt;49&gt;. </Message>
          <StackTrace>   at TestProject1.MatrixTraversingTest.SmallMatrixShouldBeCorrect() in D:\GitProjects\TelerikAcademy\Quality\TestProject1\MatrixTraversingTest.cs:line 44
</StackTrace>
        </ErrorInfo>
      </Output>
    </UnitTestResult>
    <UnitTestResult executionId="c73f2725-c677-4e98-9e5a-d3279d7e58ff" testId="8e04e09c-9133-53c0-e182-e4bdd6410fec" testName="ThereShouldntBeTwoSameElementsInMatrix" computerName="HOMES" duration="00:00:00.0006584" startTime="2014-06-19T08:53:59.0000000+03:00" endTime="2014-06-19T08:53:59.0156250+03:00" testType="13cdc9d9-ddb5-4fa4-a97d-d965ccfc6d4b" outcome="Passed" testListId="8c84fa94-04c1-424b-9868-57a2d4851a1d" relativeResultsDirectory="c73f2725-c677-4e98-9e5a-d3279d7e58ff">
    </UnitTestResult>
    <UnitTestResult executionId="91f57c18-165b-4338-ac3b-37a0861a834e" testId="8ed5fd4d-e2d3-52fa-7a5e-4b107f214009" testName="TheDiagonalLineShouldConsistOfIncreasingNumbers" computerName="HOMES" duration="00:00:00.0004715" startTime="2014-06-19T08:53:59.0156250+03:00" endTime="2014-06-19T08:53:59.0312500+03:00" testType="13cdc9d9-ddb5-4fa4-a97d-d965ccfc6d4b" outcome="Passed" testListId="8c84fa94-04c1-424b-9868-57a2d4851a1d" relativeResultsDirectory="91f57c18-165b-4338-ac3b-37a0861a834e">
    </UnitTestResult>
  </Results>
</TestRun>