<?xml version="1.0" encoding="UTF-8"?>
<TestRun id="7c4a2cd9-6623-49c6-9f85-3715568a6fbf" name="User@HOMES 2014-06-13 10:07:16" runUser="HOMES\User" xmlns="http://microsoft.com/schemas/VisualStudio/TeamTest/2010">
  <TestSettings name="Local" id="8527c876-9647-47d7-bfd0-1c28719b9974">
    <Description>These are default test settings for a local test run.</Description>
    <Deployment enabled="false" runDeploymentRoot="User_HOMES 2014-06-13 10_07_16">
      <DeploymentItem filename="D:\GitProjects\TelerikAcademy\Quality\Unit Testing\Unit Testing\bin\Debug\Unit Testing.exe" />
    </Deployment>
    <Execution>
      <TestTypeSpecific />
      <AgentRule name="Execution Agents">
      </AgentRule>
    </Execution>
  </TestSettings>
  <Times creation="2014-06-13T10:07:16.9687500+03:00" queuing="2014-06-13T10:07:16.9843750+03:00" start="2014-06-13T10:07:17.0000000+03:00" finish="2014-06-13T10:07:17.5781250+03:00" />
  <ResultSummary outcome="Failed">
    <Counters total="10" executed="10" passed="8" error="0" failed="2" timeout="0" aborted="0" inconclusive="0" passedButRunAborted="0" notRunnable="0" notExecuted="0" disconnected="0" warning="0" completed="0" inProgress="0" pending="0" />
  </ResultSummary>
  <TestDefinitions>
    <UnitTest name="CourseShouldNotBeNull" storage="d:\gitprojects\telerikacademy\quality\unit testing\testproject1\bin\debug\schoolprogram.test.dll" id="3309386d-ea7e-186d-e5a2-891915c72bc0">
      <Execution id="63cc90cd-a0e4-4116-bd1d-65e25eb3aa32" />
      <TestMethod codeBase="D:/GitProjects/TelerikAcademy/Quality/Unit Testing/TestProject1/bin/Debug/SchoolProgram.Test.DLL" adapterTypeName="Microsoft.VisualStudio.TestTools.TestTypes.Unit.UnitTestAdapter, Microsoft.VisualStudio.QualityTools.Tips.UnitTest.Adapter, Version=10.0.0.0, Culture=neutral, PublicKeyToken=b03f5f7f11d50a3a" className="SchoolProgram.Test.SchoolProgrmaTest, SchoolProgram.Test, Version=1.0.0.0, Culture=neutral, PublicKeyToken=null" name="CourseShouldNotBeNull" />
    </UnitTest>
    <UnitTest name="StudentsCanBeAddedToCoursesOfSchoolOnlyByTheSchool" storage="d:\gitprojects\telerikacademy\quality\unit testing\testproject1\bin\debug\schoolprogram.test.dll" id="5a4e1556-8543-72fb-d9c4-9639e8fe0c6a">
      <Execution id="2c19465f-826b-419f-8d3f-f39e91353e77" />
      <TestMethod codeBase="D:/GitProjects/TelerikAcademy/Quality/Unit Testing/TestProject1/bin/Debug/SchoolProgram.Test.DLL" adapterTypeName="Microsoft.VisualStudio.TestTools.TestTypes.Unit.UnitTestAdapter, Microsoft.VisualStudio.QualityTools.Tips.UnitTest.Adapter, Version=10.0.0.0, Culture=neutral, PublicKeyToken=b03f5f7f11d50a3a" className="SchoolProgram.Test.SchoolProgrmaTest, SchoolProgram.Test, Version=1.0.0.0, Culture=neutral, PublicKeyToken=null" name="StudentsCanBeAddedToCoursesOfSchoolOnlyByTheSchool" />
    </UnitTest>
    <UnitTest name="CourseNameShouldBeTheSameAsTheGivenArgumentString" storage="d:\gitprojects\telerikacademy\quality\unit testing\testproject1\bin\debug\schoolprogram.test.dll" id="1660cd45-9ce4-c45f-d383-0e562aa7cb36">
      <Execution id="043b5d2e-4cbb-4d30-b6a8-53f096f1274b" />
      <TestMethod codeBase="D:/GitProjects/TelerikAcademy/Quality/Unit Testing/TestProject1/bin/Debug/SchoolProgram.Test.DLL" adapterTypeName="Microsoft.VisualStudio.TestTools.TestTypes.Unit.UnitTestAdapter, Microsoft.VisualStudio.QualityTools.Tips.UnitTest.Adapter, Version=10.0.0.0, Culture=neutral, PublicKeyToken=b03f5f7f11d50a3a" className="SchoolProgram.Test.SchoolProgrmaTest, SchoolProgram.Test, Version=1.0.0.0, Culture=neutral, PublicKeyToken=null" name="CourseNameShouldBeTheSameAsTheGivenArgumentString" />
    </UnitTest>
    <UnitTest name="CourseIsCloned" storage="d:\gitprojects\telerikacademy\quality\unit testing\testproject1\bin\debug\schoolprogram.test.dll" id="3d319b27-29f6-6ac9-e226-acf9bca47d3b">
      <Execution id="3fe3ebf2-3ff5-4b39-92a5-7aa29627c2d4" />
      <TestMethod codeBase="D:/GitProjects/TelerikAcademy/Quality/Unit Testing/TestProject1/bin/Debug/SchoolProgram.Test.DLL" adapterTypeName="Microsoft.VisualStudio.TestTools.TestTypes.Unit.UnitTestAdapter, Microsoft.VisualStudio.QualityTools.Tips.UnitTest.Adapter, Version=10.0.0.0, Culture=neutral, PublicKeyToken=b03f5f7f11d50a3a" className="SchoolProgram.Test.SchoolProgrmaTest, SchoolProgram.Test, Version=1.0.0.0, Culture=neutral, PublicKeyToken=null" name="CourseIsCloned" />
    </UnitTest>
    <UnitTest name="CourseIdShouldBeBiggerThan0" storage="d:\gitprojects\telerikacademy\quality\unit testing\testproject1\bin\debug\schoolprogram.test.dll" id="4bd3d53b-72db-10b5-6a92-913f820ea831">
      <Execution id="39848487-589a-467f-b8df-cf6611251d83" />
      <TestMethod codeBase="D:/GitProjects/TelerikAcademy/Quality/Unit Testing/TestProject1/bin/Debug/SchoolProgram.Test.DLL" adapterTypeName="Microsoft.VisualStudio.TestTools.TestTypes.Unit.UnitTestAdapter, Microsoft.VisualStudio.QualityTools.Tips.UnitTest.Adapter, Version=10.0.0.0, Culture=neutral, PublicKeyToken=b03f5f7f11d50a3a" className="SchoolProgram.Test.SchoolProgrmaTest, SchoolProgram.Test, Version=1.0.0.0, Culture=neutral, PublicKeyToken=null" name="CourseIdShouldBeBiggerThan0" />
    </UnitTest>
    <UnitTest name="StudentShouldNotBeNull" storage="d:\gitprojects\telerikacademy\quality\unit testing\testproject1\bin\debug\schoolprogram.test.dll" id="81716788-85b5-f251-2744-470ff30f66ff">
      <Execution id="2f69f85b-c76e-48e5-b5e6-742f5ec3ea81" />
      <TestMethod codeBase="D:/GitProjects/TelerikAcademy/Quality/Unit Testing/TestProject1/bin/Debug/SchoolProgram.Test.DLL" adapterTypeName="Microsoft.VisualStudio.TestTools.TestTypes.Unit.UnitTestAdapter, Microsoft.VisualStudio.QualityTools.Tips.UnitTest.Adapter, Version=10.0.0.0, Culture=neutral, PublicKeyToken=b03f5f7f11d50a3a" className="SchoolProgram.Test.SchoolProgrmaTest, SchoolProgram.Test, Version=1.0.0.0, Culture=neutral, PublicKeyToken=null" name="StudentShouldNotBeNull" />
    </UnitTest>
    <UnitTest name="StudentNameShouldBeTheSameAsTheGivenArgumentString" storage="d:\gitprojects\telerikacademy\quality\unit testing\testproject1\bin\debug\schoolprogram.test.dll" id="b722a069-caba-30d6-cde9-6408783cc2b6">
      <Execution id="28ba9252-fe80-4802-a4d5-3fc397458499" />
      <TestMethod codeBase="D:/GitProjects/TelerikAcademy/Quality/Unit Testing/TestProject1/bin/Debug/SchoolProgram.Test.DLL" adapterTypeName="Microsoft.VisualStudio.TestTools.TestTypes.Unit.UnitTestAdapter, Microsoft.VisualStudio.QualityTools.Tips.UnitTest.Adapter, Version=10.0.0.0, Culture=neutral, PublicKeyToken=b03f5f7f11d50a3a" className="SchoolProgram.Test.SchoolProgrmaTest, SchoolProgram.Test, Version=1.0.0.0, Culture=neutral, PublicKeyToken=null" name="StudentNameShouldBeTheSameAsTheGivenArgumentString" />
    </UnitTest>
    <UnitTest name="StudentIsCloned" storage="d:\gitprojects\telerikacademy\quality\unit testing\testproject1\bin\debug\schoolprogram.test.dll" id="68395984-32a2-812e-47b7-b8cfa6e54e37">
      <Execution id="5404fa82-109f-4523-ae5d-0542ae5a0d1a" />
      <TestMethod codeBase="D:/GitProjects/TelerikAcademy/Quality/Unit Testing/TestProject1/bin/Debug/SchoolProgram.Test.DLL" adapterTypeName="Microsoft.VisualStudio.TestTools.TestTypes.Unit.UnitTestAdapter, Microsoft.VisualStudio.QualityTools.Tips.UnitTest.Adapter, Version=10.0.0.0, Culture=neutral, PublicKeyToken=b03f5f7f11d50a3a" className="SchoolProgram.Test.SchoolProgrmaTest, SchoolProgram.Test, Version=1.0.0.0, Culture=neutral, PublicKeyToken=null" name="StudentIsCloned" />
    </UnitTest>
    <UnitTest name="StudentsCanBeAddedToCourses" storage="d:\gitprojects\telerikacademy\quality\unit testing\testproject1\bin\debug\schoolprogram.test.dll" id="07554278-6f52-f3eb-3aeb-2d816a3a4286">
      <Execution id="d3cb2335-5121-4fef-b43b-8234376d4706" />
      <TestMethod codeBase="D:/GitProjects/TelerikAcademy/Quality/Unit Testing/TestProject1/bin/Debug/SchoolProgram.Test.DLL" adapterTypeName="Microsoft.VisualStudio.TestTools.TestTypes.Unit.UnitTestAdapter, Microsoft.VisualStudio.QualityTools.Tips.UnitTest.Adapter, Version=10.0.0.0, Culture=neutral, PublicKeyToken=b03f5f7f11d50a3a" className="SchoolProgram.Test.SchoolProgrmaTest, SchoolProgram.Test, Version=1.0.0.0, Culture=neutral, PublicKeyToken=null" name="StudentsCanBeAddedToCourses" />
    </UnitTest>
    <UnitTest name="StudentIdShouldBeBiggerThan10000" storage="d:\gitprojects\telerikacademy\quality\unit testing\testproject1\bin\debug\schoolprogram.test.dll" id="39d03994-97e6-46bd-6ed7-3f665575b2a7">
      <Execution id="f1987b9d-f5aa-492d-a5c6-f9f0c4b65006" />
      <TestMethod codeBase="D:/GitProjects/TelerikAcademy/Quality/Unit Testing/TestProject1/bin/Debug/SchoolProgram.Test.DLL" adapterTypeName="Microsoft.VisualStudio.TestTools.TestTypes.Unit.UnitTestAdapter, Microsoft.VisualStudio.QualityTools.Tips.UnitTest.Adapter, Version=10.0.0.0, Culture=neutral, PublicKeyToken=b03f5f7f11d50a3a" className="SchoolProgram.Test.SchoolProgrmaTest, SchoolProgram.Test, Version=1.0.0.0, Culture=neutral, PublicKeyToken=null" name="StudentIdShouldBeBiggerThan10000" />
    </UnitTest>
  </TestDefinitions>
  <TestLists>
    <TestList name="Results Not in a List" id="8c84fa94-04c1-424b-9868-57a2d4851a1d" />
    <TestList name="All Loaded Results" id="19431567-8539-422a-85d7-44ee4e166bda" />
  </TestLists>
  <TestEntries>
    <TestEntry testId="07554278-6f52-f3eb-3aeb-2d816a3a4286" executionId="d3cb2335-5121-4fef-b43b-8234376d4706" testListId="8c84fa94-04c1-424b-9868-57a2d4851a1d" />
    <TestEntry testId="1660cd45-9ce4-c45f-d383-0e562aa7cb36" executionId="043b5d2e-4cbb-4d30-b6a8-53f096f1274b" testListId="8c84fa94-04c1-424b-9868-57a2d4851a1d" />
    <TestEntry testId="3309386d-ea7e-186d-e5a2-891915c72bc0" executionId="63cc90cd-a0e4-4116-bd1d-65e25eb3aa32" testListId="8c84fa94-04c1-424b-9868-57a2d4851a1d" />
    <TestEntry testId="39d03994-97e6-46bd-6ed7-3f665575b2a7" executionId="f1987b9d-f5aa-492d-a5c6-f9f0c4b65006" testListId="8c84fa94-04c1-424b-9868-57a2d4851a1d" />
    <TestEntry testId="3d319b27-29f6-6ac9-e226-acf9bca47d3b" executionId="3fe3ebf2-3ff5-4b39-92a5-7aa29627c2d4" testListId="8c84fa94-04c1-424b-9868-57a2d4851a1d" />
    <TestEntry testId="4bd3d53b-72db-10b5-6a92-913f820ea831" executionId="39848487-589a-467f-b8df-cf6611251d83" testListId="8c84fa94-04c1-424b-9868-57a2d4851a1d" />
    <TestEntry testId="5a4e1556-8543-72fb-d9c4-9639e8fe0c6a" executionId="2c19465f-826b-419f-8d3f-f39e91353e77" testListId="8c84fa94-04c1-424b-9868-57a2d4851a1d" />
    <TestEntry testId="68395984-32a2-812e-47b7-b8cfa6e54e37" executionId="5404fa82-109f-4523-ae5d-0542ae5a0d1a" testListId="8c84fa94-04c1-424b-9868-57a2d4851a1d" />
    <TestEntry testId="81716788-85b5-f251-2744-470ff30f66ff" executionId="2f69f85b-c76e-48e5-b5e6-742f5ec3ea81" testListId="8c84fa94-04c1-424b-9868-57a2d4851a1d" />
    <TestEntry testId="b722a069-caba-30d6-cde9-6408783cc2b6" executionId="28ba9252-fe80-4802-a4d5-3fc397458499" testListId="8c84fa94-04c1-424b-9868-57a2d4851a1d" />
  </TestEntries>
  <Results>
    <UnitTestResult executionId="d3cb2335-5121-4fef-b43b-8234376d4706" testId="07554278-6f52-f3eb-3aeb-2d816a3a4286" testName="StudentsCanBeAddedToCourses" computerName="HOMES" duration="00:00:00.0594681" startTime="2014-06-13T10:07:17.0156250+03:00" endTime="2014-06-13T10:07:17.3906250+03:00" testType="13cdc9d9-ddb5-4fa4-a97d-d965ccfc6d4b" outcome="Failed" testListId="8c84fa94-04c1-424b-9868-57a2d4851a1d" relativeResultsDirectory="d3cb2335-5121-4fef-b43b-8234376d4706">
      <Output>
        <ErrorInfo>
          <Message>Assert.AreEqual failed. Expected:&lt;SchoolProgram.Student&gt;. Actual:&lt;SchoolProgram.Student&gt;. </Message>
          <StackTrace>   at SchoolProgram.Test.SchoolProgrmaTest.StudentsCanBeAddedToCourses() in D:\GitProjects\TelerikAcademy\Quality\Unit Testing\TestProject1\SchoolProgrmaTest.cs:line 135
</StackTrace>
        </ErrorInfo>
      </Output>
    </UnitTestResult>
    <UnitTestResult executionId="043b5d2e-4cbb-4d30-b6a8-53f096f1274b" testId="1660cd45-9ce4-c45f-d383-0e562aa7cb36" testName="CourseNameShouldBeTheSameAsTheGivenArgumentString" computerName="HOMES" duration="00:00:00.0005232" startTime="2014-06-13T10:07:17.3906250+03:00" endTime="2014-06-13T10:07:17.4062500+03:00" testType="13cdc9d9-ddb5-4fa4-a97d-d965ccfc6d4b" outcome="Passed" testListId="8c84fa94-04c1-424b-9868-57a2d4851a1d" relativeResultsDirectory="043b5d2e-4cbb-4d30-b6a8-53f096f1274b">
    </UnitTestResult>
    <UnitTestResult executionId="63cc90cd-a0e4-4116-bd1d-65e25eb3aa32" testId="3309386d-ea7e-186d-e5a2-891915c72bc0" testName="CourseShouldNotBeNull" computerName="HOMES" duration="00:00:00.0006333" startTime="2014-06-13T10:07:17.4218750+03:00" endTime="2014-06-13T10:07:17.4218750+03:00" testType="13cdc9d9-ddb5-4fa4-a97d-d965ccfc6d4b" outcome="Passed" testListId="8c84fa94-04c1-424b-9868-57a2d4851a1d" relativeResultsDirectory="63cc90cd-a0e4-4116-bd1d-65e25eb3aa32">
    </UnitTestResult>
    <UnitTestResult executionId="f1987b9d-f5aa-492d-a5c6-f9f0c4b65006" testId="39d03994-97e6-46bd-6ed7-3f665575b2a7" testName="StudentIdShouldBeBiggerThan10000" computerName="HOMES" duration="00:00:00.0003838" startTime="2014-06-13T10:07:17.4218750+03:00" endTime="2014-06-13T10:07:17.4375000+03:00" testType="13cdc9d9-ddb5-4fa4-a97d-d965ccfc6d4b" outcome="Passed" testListId="8c84fa94-04c1-424b-9868-57a2d4851a1d" relativeResultsDirectory="f1987b9d-f5aa-492d-a5c6-f9f0c4b65006">
    </UnitTestResult>
    <UnitTestResult executionId="3fe3ebf2-3ff5-4b39-92a5-7aa29627c2d4" testId="3d319b27-29f6-6ac9-e226-acf9bca47d3b" testName="CourseIsCloned" computerName="HOMES" duration="00:00:00.0007827" startTime="2014-06-13T10:07:17.4531250+03:00" endTime="2014-06-13T10:07:17.4531250+03:00" testType="13cdc9d9-ddb5-4fa4-a97d-d965ccfc6d4b" outcome="Passed" testListId="8c84fa94-04c1-424b-9868-57a2d4851a1d" relativeResultsDirectory="3fe3ebf2-3ff5-4b39-92a5-7aa29627c2d4">
    </UnitTestResult>
    <UnitTestResult executionId="39848487-589a-467f-b8df-cf6611251d83" testId="4bd3d53b-72db-10b5-6a92-913f820ea831" testName="CourseIdShouldBeBiggerThan0" computerName="HOMES" duration="00:00:00.0003545" startTime="2014-06-13T10:07:17.4687500+03:00" endTime="2014-06-13T10:07:17.4687500+03:00" testType="13cdc9d9-ddb5-4fa4-a97d-d965ccfc6d4b" outcome="Passed" testListId="8c84fa94-04c1-424b-9868-57a2d4851a1d" relativeResultsDirectory="39848487-589a-467f-b8df-cf6611251d83">
    </UnitTestResult>
    <UnitTestResult executionId="2c19465f-826b-419f-8d3f-f39e91353e77" testId="5a4e1556-8543-72fb-d9c4-9639e8fe0c6a" testName="StudentsCanBeAddedToCoursesOfSchoolOnlyByTheSchool" computerName="HOMES" duration="00:00:00.0071070" startTime="2014-06-13T10:07:17.4843750+03:00" endTime="2014-06-13T10:07:17.5000000+03:00" testType="13cdc9d9-ddb5-4fa4-a97d-d965ccfc6d4b" outcome="Failed" testListId="8c84fa94-04c1-424b-9868-57a2d4851a1d" relativeResultsDirectory="2c19465f-826b-419f-8d3f-f39e91353e77">
      <Output>
        <ErrorInfo>
          <Message>Test method SchoolProgram.Test.SchoolProgrmaTest.StudentsCanBeAddedToCoursesOfSchoolOnlyByTheSchool threw exception: 
System.ArgumentOutOfRangeException: Index was out of range. Must be non-negative and less than the size of the collection.
Parameter name: index</Message>
          <StackTrace>    at System.ThrowHelper.ThrowArgumentOutOfRangeException()
   at System.Collections.Generic.List`1.get_Item(Int32 index)
   at SchoolProgram.Test.SchoolProgrmaTest.StudentsCanBeAddedToCoursesOfSchoolOnlyByTheSchool() in D:\GitProjects\TelerikAcademy\Quality\Unit Testing\TestProject1\SchoolProgrmaTest.cs:line 149
</StackTrace>
        </ErrorInfo>
      </Output>
    </UnitTestResult>
    <UnitTestResult executionId="5404fa82-109f-4523-ae5d-0542ae5a0d1a" testId="68395984-32a2-812e-47b7-b8cfa6e54e37" testName="StudentIsCloned" computerName="HOMES" duration="00:00:00.0004251" startTime="2014-06-13T10:07:17.5000000+03:00" endTime="2014-06-13T10:07:17.5156250+03:00" testType="13cdc9d9-ddb5-4fa4-a97d-d965ccfc6d4b" outcome="Passed" testListId="8c84fa94-04c1-424b-9868-57a2d4851a1d" relativeResultsDirectory="5404fa82-109f-4523-ae5d-0542ae5a0d1a">
    </UnitTestResult>
    <UnitTestResult executionId="2f69f85b-c76e-48e5-b5e6-742f5ec3ea81" testId="81716788-85b5-f251-2744-470ff30f66ff" testName="StudentShouldNotBeNull" computerName="HOMES" duration="00:00:00.0003223" startTime="2014-06-13T10:07:17.5156250+03:00" endTime="2014-06-13T10:07:17.5312500+03:00" testType="13cdc9d9-ddb5-4fa4-a97d-d965ccfc6d4b" outcome="Passed" testListId="8c84fa94-04c1-424b-9868-57a2d4851a1d" relativeResultsDirectory="2f69f85b-c76e-48e5-b5e6-742f5ec3ea81">
    </UnitTestResult>
    <UnitTestResult executionId="28ba9252-fe80-4802-a4d5-3fc397458499" testId="b722a069-caba-30d6-cde9-6408783cc2b6" testName="StudentNameShouldBeTheSameAsTheGivenArgumentString" computerName="HOMES" duration="00:00:00.0003916" startTime="2014-06-13T10:07:17.5468750+03:00" endTime="2014-06-13T10:07:17.5468750+03:00" testType="13cdc9d9-ddb5-4fa4-a97d-d965ccfc6d4b" outcome="Passed" testListId="8c84fa94-04c1-424b-9868-57a2d4851a1d" relativeResultsDirectory="28ba9252-fe80-4802-a4d5-3fc397458499">
    </UnitTestResult>
  </Results>
</TestRun>