<?xml version="1.0" encoding="UTF-8"?>
<TestRun id="784286dc-3ad3-4cd7-bff0-ba7fcb105279" name="User@HOMES 2014-06-13 10:08:16" runUser="HOMES\User" xmlns="http://microsoft.com/schemas/VisualStudio/TeamTest/2010">
  <TestSettings name="Local" id="8527c876-9647-47d7-bfd0-1c28719b9974">
    <Description>These are default test settings for a local test run.</Description>
    <Deployment enabled="false" runDeploymentRoot="User_HOMES 2014-06-13 10_08_16">
      <DeploymentItem filename="D:\GitProjects\TelerikAcademy\Quality\Unit Testing\Unit Testing\bin\Debug\Unit Testing.exe" />
    </Deployment>
    <Execution>
      <TestTypeSpecific />
      <AgentRule name="Execution Agents">
      </AgentRule>
    </Execution>
  </TestSettings>
  <Times creation="2014-06-13T10:08:16.3437500+03:00" queuing="2014-06-13T10:08:16.3750000+03:00" start="2014-06-13T10:08:16.3906250+03:00" finish="2014-06-13T10:08:16.9687500+03:00" />
  <ResultSummary outcome="Failed">
    <Counters total="10" executed="10" passed="9" error="0" failed="1" timeout="0" aborted="0" inconclusive="0" passedButRunAborted="0" notRunnable="0" notExecuted="0" disconnected="0" warning="0" completed="0" inProgress="0" pending="0" />
  </ResultSummary>
  <TestDefinitions>
    <UnitTest name="CourseShouldNotBeNull" storage="d:\gitprojects\telerikacademy\quality\unit testing\testproject1\bin\debug\schoolprogram.test.dll" id="3309386d-ea7e-186d-e5a2-891915c72bc0">
      <Execution id="6263315f-31a1-484e-ac51-a3cfc3853777" />
      <TestMethod codeBase="D:/GitProjects/TelerikAcademy/Quality/Unit Testing/TestProject1/bin/Debug/SchoolProgram.Test.DLL" adapterTypeName="Microsoft.VisualStudio.TestTools.TestTypes.Unit.UnitTestAdapter, Microsoft.VisualStudio.QualityTools.Tips.UnitTest.Adapter, Version=10.0.0.0, Culture=neutral, PublicKeyToken=b03f5f7f11d50a3a" className="SchoolProgram.Test.SchoolProgrmaTest, SchoolProgram.Test, Version=1.0.0.0, Culture=neutral, PublicKeyToken=null" name="CourseShouldNotBeNull" />
    </UnitTest>
    <UnitTest name="StudentsCanBeAddedToCoursesOfSchoolOnlyByTheSchool" storage="d:\gitprojects\telerikacademy\quality\unit testing\testproject1\bin\debug\schoolprogram.test.dll" id="5a4e1556-8543-72fb-d9c4-9639e8fe0c6a">
      <Execution id="a0b2c90e-4657-4064-a502-df58fd13eaf9" />
      <TestMethod codeBase="D:/GitProjects/TelerikAcademy/Quality/Unit Testing/TestProject1/bin/Debug/SchoolProgram.Test.DLL" adapterTypeName="Microsoft.VisualStudio.TestTools.TestTypes.Unit.UnitTestAdapter, Microsoft.VisualStudio.QualityTools.Tips.UnitTest.Adapter, Version=10.0.0.0, Culture=neutral, PublicKeyToken=b03f5f7f11d50a3a" className="SchoolProgram.Test.SchoolProgrmaTest, SchoolProgram.Test, Version=1.0.0.0, Culture=neutral, PublicKeyToken=null" name="StudentsCanBeAddedToCoursesOfSchoolOnlyByTheSchool" />
    </UnitTest>
    <UnitTest name="CourseNameShouldBeTheSameAsTheGivenArgumentString" storage="d:\gitprojects\telerikacademy\quality\unit testing\testproject1\bin\debug\schoolprogram.test.dll" id="1660cd45-9ce4-c45f-d383-0e562aa7cb36">
      <Execution id="3547856a-f18c-4063-af8f-df3deb6b18ed" />
      <TestMethod codeBase="D:/GitProjects/TelerikAcademy/Quality/Unit Testing/TestProject1/bin/Debug/SchoolProgram.Test.DLL" adapterTypeName="Microsoft.VisualStudio.TestTools.TestTypes.Unit.UnitTestAdapter, Microsoft.VisualStudio.QualityTools.Tips.UnitTest.Adapter, Version=10.0.0.0, Culture=neutral, PublicKeyToken=b03f5f7f11d50a3a" className="SchoolProgram.Test.SchoolProgrmaTest, SchoolProgram.Test, Version=1.0.0.0, Culture=neutral, PublicKeyToken=null" name="CourseNameShouldBeTheSameAsTheGivenArgumentString" />
    </UnitTest>
    <UnitTest name="CourseIsCloned" storage="d:\gitprojects\telerikacademy\quality\unit testing\testproject1\bin\debug\schoolprogram.test.dll" id="3d319b27-29f6-6ac9-e226-acf9bca47d3b">
      <Execution id="07b303d4-5477-41d6-9742-1d2ac7801a04" />
      <TestMethod codeBase="D:/GitProjects/TelerikAcademy/Quality/Unit Testing/TestProject1/bin/Debug/SchoolProgram.Test.DLL" adapterTypeName="Microsoft.VisualStudio.TestTools.TestTypes.Unit.UnitTestAdapter, Microsoft.VisualStudio.QualityTools.Tips.UnitTest.Adapter, Version=10.0.0.0, Culture=neutral, PublicKeyToken=b03f5f7f11d50a3a" className="SchoolProgram.Test.SchoolProgrmaTest, SchoolProgram.Test, Version=1.0.0.0, Culture=neutral, PublicKeyToken=null" name="CourseIsCloned" />
    </UnitTest>
    <UnitTest name="CourseIdShouldBeBiggerThan0" storage="d:\gitprojects\telerikacademy\quality\unit testing\testproject1\bin\debug\schoolprogram.test.dll" id="4bd3d53b-72db-10b5-6a92-913f820ea831">
      <Execution id="ef6fb6f5-e2a0-42ca-bff5-cfce5fc08128" />
      <TestMethod codeBase="D:/GitProjects/TelerikAcademy/Quality/Unit Testing/TestProject1/bin/Debug/SchoolProgram.Test.DLL" adapterTypeName="Microsoft.VisualStudio.TestTools.TestTypes.Unit.UnitTestAdapter, Microsoft.VisualStudio.QualityTools.Tips.UnitTest.Adapter, Version=10.0.0.0, Culture=neutral, PublicKeyToken=b03f5f7f11d50a3a" className="SchoolProgram.Test.SchoolProgrmaTest, SchoolProgram.Test, Version=1.0.0.0, Culture=neutral, PublicKeyToken=null" name="CourseIdShouldBeBiggerThan0" />
    </UnitTest>
    <UnitTest name="StudentShouldNotBeNull" storage="d:\gitprojects\telerikacademy\quality\unit testing\testproject1\bin\debug\schoolprogram.test.dll" id="81716788-85b5-f251-2744-470ff30f66ff">
      <Execution id="de3e48f1-d41a-487c-bd09-4e0be53a55a7" />
      <TestMethod codeBase="D:/GitProjects/TelerikAcademy/Quality/Unit Testing/TestProject1/bin/Debug/SchoolProgram.Test.DLL" adapterTypeName="Microsoft.VisualStudio.TestTools.TestTypes.Unit.UnitTestAdapter, Microsoft.VisualStudio.QualityTools.Tips.UnitTest.Adapter, Version=10.0.0.0, Culture=neutral, PublicKeyToken=b03f5f7f11d50a3a" className="SchoolProgram.Test.SchoolProgrmaTest, SchoolProgram.Test, Version=1.0.0.0, Culture=neutral, PublicKeyToken=null" name="StudentShouldNotBeNull" />
    </UnitTest>
    <UnitTest name="StudentNameShouldBeTheSameAsTheGivenArgumentString" storage="d:\gitprojects\telerikacademy\quality\unit testing\testproject1\bin\debug\schoolprogram.test.dll" id="b722a069-caba-30d6-cde9-6408783cc2b6">
      <Execution id="d8df8852-29e3-4d7c-a464-8360ac602f07" />
      <TestMethod codeBase="D:/GitProjects/TelerikAcademy/Quality/Unit Testing/TestProject1/bin/Debug/SchoolProgram.Test.DLL" adapterTypeName="Microsoft.VisualStudio.TestTools.TestTypes.Unit.UnitTestAdapter, Microsoft.VisualStudio.QualityTools.Tips.UnitTest.Adapter, Version=10.0.0.0, Culture=neutral, PublicKeyToken=b03f5f7f11d50a3a" className="SchoolProgram.Test.SchoolProgrmaTest, SchoolProgram.Test, Version=1.0.0.0, Culture=neutral, PublicKeyToken=null" name="StudentNameShouldBeTheSameAsTheGivenArgumentString" />
    </UnitTest>
    <UnitTest name="StudentIsCloned" storage="d:\gitprojects\telerikacademy\quality\unit testing\testproject1\bin\debug\schoolprogram.test.dll" id="68395984-32a2-812e-47b7-b8cfa6e54e37">
      <Execution id="882c8aed-6675-4306-b8cb-0c33295780bf" />
      <TestMethod codeBase="D:/GitProjects/TelerikAcademy/Quality/Unit Testing/TestProject1/bin/Debug/SchoolProgram.Test.DLL" adapterTypeName="Microsoft.VisualStudio.TestTools.TestTypes.Unit.UnitTestAdapter, Microsoft.VisualStudio.QualityTools.Tips.UnitTest.Adapter, Version=10.0.0.0, Culture=neutral, PublicKeyToken=b03f5f7f11d50a3a" className="SchoolProgram.Test.SchoolProgrmaTest, SchoolProgram.Test, Version=1.0.0.0, Culture=neutral, PublicKeyToken=null" name="StudentIsCloned" />
    </UnitTest>
    <UnitTest name="StudentsCanBeAddedToCourses" storage="d:\gitprojects\telerikacademy\quality\unit testing\testproject1\bin\debug\schoolprogram.test.dll" id="07554278-6f52-f3eb-3aeb-2d816a3a4286">
      <Execution id="28440d05-b45f-494a-aa57-efa311bee5be" />
      <TestMethod codeBase="D:/GitProjects/TelerikAcademy/Quality/Unit Testing/TestProject1/bin/Debug/SchoolProgram.Test.DLL" adapterTypeName="Microsoft.VisualStudio.TestTools.TestTypes.Unit.UnitTestAdapter, Microsoft.VisualStudio.QualityTools.Tips.UnitTest.Adapter, Version=10.0.0.0, Culture=neutral, PublicKeyToken=b03f5f7f11d50a3a" className="SchoolProgram.Test.SchoolProgrmaTest, SchoolProgram.Test, Version=1.0.0.0, Culture=neutral, PublicKeyToken=null" name="StudentsCanBeAddedToCourses" />
    </UnitTest>
    <UnitTest name="StudentIdShouldBeBiggerThan10000" storage="d:\gitprojects\telerikacademy\quality\unit testing\testproject1\bin\debug\schoolprogram.test.dll" id="39d03994-97e6-46bd-6ed7-3f665575b2a7">
      <Execution id="85ceae25-6788-46f6-b03d-485a2aa96447" />
      <TestMethod codeBase="D:/GitProjects/TelerikAcademy/Quality/Unit Testing/TestProject1/bin/Debug/SchoolProgram.Test.DLL" adapterTypeName="Microsoft.VisualStudio.TestTools.TestTypes.Unit.UnitTestAdapter, Microsoft.VisualStudio.QualityTools.Tips.UnitTest.Adapter, Version=10.0.0.0, Culture=neutral, PublicKeyToken=b03f5f7f11d50a3a" className="SchoolProgram.Test.SchoolProgrmaTest, SchoolProgram.Test, Version=1.0.0.0, Culture=neutral, PublicKeyToken=null" name="StudentIdShouldBeBiggerThan10000" />
    </UnitTest>
  </TestDefinitions>
  <TestLists>
    <TestList name="Results Not in a List" id="8c84fa94-04c1-424b-9868-57a2d4851a1d" />
    <TestList name="All Loaded Results" id="19431567-8539-422a-85d7-44ee4e166bda" />
  </TestLists>
  <TestEntries>
    <TestEntry testId="07554278-6f52-f3eb-3aeb-2d816a3a4286" executionId="28440d05-b45f-494a-aa57-efa311bee5be" testListId="8c84fa94-04c1-424b-9868-57a2d4851a1d" />
    <TestEntry testId="1660cd45-9ce4-c45f-d383-0e562aa7cb36" executionId="3547856a-f18c-4063-af8f-df3deb6b18ed" testListId="8c84fa94-04c1-424b-9868-57a2d4851a1d" />
    <TestEntry testId="3309386d-ea7e-186d-e5a2-891915c72bc0" executionId="6263315f-31a1-484e-ac51-a3cfc3853777" testListId="8c84fa94-04c1-424b-9868-57a2d4851a1d" />
    <TestEntry testId="39d03994-97e6-46bd-6ed7-3f665575b2a7" executionId="85ceae25-6788-46f6-b03d-485a2aa96447" testListId="8c84fa94-04c1-424b-9868-57a2d4851a1d" />
    <TestEntry testId="3d319b27-29f6-6ac9-e226-acf9bca47d3b" executionId="07b303d4-5477-41d6-9742-1d2ac7801a04" testListId="8c84fa94-04c1-424b-9868-57a2d4851a1d" />
    <TestEntry testId="4bd3d53b-72db-10b5-6a92-913f820ea831" executionId="ef6fb6f5-e2a0-42ca-bff5-cfce5fc08128" testListId="8c84fa94-04c1-424b-9868-57a2d4851a1d" />
    <TestEntry testId="5a4e1556-8543-72fb-d9c4-9639e8fe0c6a" executionId="a0b2c90e-4657-4064-a502-df58fd13eaf9" testListId="8c84fa94-04c1-424b-9868-57a2d4851a1d" />
    <TestEntry testId="68395984-32a2-812e-47b7-b8cfa6e54e37" executionId="882c8aed-6675-4306-b8cb-0c33295780bf" testListId="8c84fa94-04c1-424b-9868-57a2d4851a1d" />
    <TestEntry testId="81716788-85b5-f251-2744-470ff30f66ff" executionId="de3e48f1-d41a-487c-bd09-4e0be53a55a7" testListId="8c84fa94-04c1-424b-9868-57a2d4851a1d" />
    <TestEntry testId="b722a069-caba-30d6-cde9-6408783cc2b6" executionId="d8df8852-29e3-4d7c-a464-8360ac602f07" testListId="8c84fa94-04c1-424b-9868-57a2d4851a1d" />
  </TestEntries>
  <Results>
    <UnitTestResult executionId="28440d05-b45f-494a-aa57-efa311bee5be" testId="07554278-6f52-f3eb-3aeb-2d816a3a4286" testName="StudentsCanBeAddedToCourses" computerName="HOMES" duration="00:00:00.0293886" startTime="2014-06-13T10:08:16.4062500+03:00" endTime="2014-06-13T10:08:16.7343750+03:00" testType="13cdc9d9-ddb5-4fa4-a97d-d965ccfc6d4b" outcome="Passed" testListId="8c84fa94-04c1-424b-9868-57a2d4851a1d" relativeResultsDirectory="28440d05-b45f-494a-aa57-efa311bee5be">
    </UnitTestResult>
    <UnitTestResult executionId="3547856a-f18c-4063-af8f-df3deb6b18ed" testId="1660cd45-9ce4-c45f-d383-0e562aa7cb36" testName="CourseNameShouldBeTheSameAsTheGivenArgumentString" computerName="HOMES" duration="00:00:00.0007065" startTime="2014-06-13T10:08:16.7500000+03:00" endTime="2014-06-13T10:08:16.7656250+03:00" testType="13cdc9d9-ddb5-4fa4-a97d-d965ccfc6d4b" outcome="Passed" testListId="8c84fa94-04c1-424b-9868-57a2d4851a1d" relativeResultsDirectory="3547856a-f18c-4063-af8f-df3deb6b18ed">
    </UnitTestResult>
    <UnitTestResult executionId="6263315f-31a1-484e-ac51-a3cfc3853777" testId="3309386d-ea7e-186d-e5a2-891915c72bc0" testName="CourseShouldNotBeNull" computerName="HOMES" duration="00:00:00.0008570" startTime="2014-06-13T10:08:16.7812500+03:00" endTime="2014-06-13T10:08:16.7968750+03:00" testType="13cdc9d9-ddb5-4fa4-a97d-d965ccfc6d4b" outcome="Passed" testListId="8c84fa94-04c1-424b-9868-57a2d4851a1d" relativeResultsDirectory="6263315f-31a1-484e-ac51-a3cfc3853777">
    </UnitTestResult>
    <UnitTestResult executionId="85ceae25-6788-46f6-b03d-485a2aa96447" testId="39d03994-97e6-46bd-6ed7-3f665575b2a7" testName="StudentIdShouldBeBiggerThan10000" computerName="HOMES" duration="00:00:00.0031096" startTime="2014-06-13T10:08:16.7968750+03:00" endTime="2014-06-13T10:08:16.8125000+03:00" testType="13cdc9d9-ddb5-4fa4-a97d-d965ccfc6d4b" outcome="Passed" testListId="8c84fa94-04c1-424b-9868-57a2d4851a1d" relativeResultsDirectory="85ceae25-6788-46f6-b03d-485a2aa96447">
    </UnitTestResult>
    <UnitTestResult executionId="07b303d4-5477-41d6-9742-1d2ac7801a04" testId="3d319b27-29f6-6ac9-e226-acf9bca47d3b" testName="CourseIsCloned" computerName="HOMES" duration="00:00:00.0007749" startTime="2014-06-13T10:08:16.8125000+03:00" endTime="2014-06-13T10:08:16.8281250+03:00" testType="13cdc9d9-ddb5-4fa4-a97d-d965ccfc6d4b" outcome="Passed" testListId="8c84fa94-04c1-424b-9868-57a2d4851a1d" relativeResultsDirectory="07b303d4-5477-41d6-9742-1d2ac7801a04">
    </UnitTestResult>
    <UnitTestResult executionId="ef6fb6f5-e2a0-42ca-bff5-cfce5fc08128" testId="4bd3d53b-72db-10b5-6a92-913f820ea831" testName="CourseIdShouldBeBiggerThan0" computerName="HOMES" duration="00:00:00.0035275" startTime="2014-06-13T10:08:16.8281250+03:00" endTime="2014-06-13T10:08:16.8437500+03:00" testType="13cdc9d9-ddb5-4fa4-a97d-d965ccfc6d4b" outcome="Passed" testListId="8c84fa94-04c1-424b-9868-57a2d4851a1d" relativeResultsDirectory="ef6fb6f5-e2a0-42ca-bff5-cfce5fc08128">
    </UnitTestResult>
    <UnitTestResult executionId="a0b2c90e-4657-4064-a502-df58fd13eaf9" testId="5a4e1556-8543-72fb-d9c4-9639e8fe0c6a" testName="StudentsCanBeAddedToCoursesOfSchoolOnlyByTheSchool" computerName="HOMES" duration="00:00:00.0249987" startTime="2014-06-13T10:08:16.8593750+03:00" endTime="2014-06-13T10:08:16.8906250+03:00" testType="13cdc9d9-ddb5-4fa4-a97d-d965ccfc6d4b" outcome="Failed" testListId="8c84fa94-04c1-424b-9868-57a2d4851a1d" relativeResultsDirectory="a0b2c90e-4657-4064-a502-df58fd13eaf9">
      <Output>
        <ErrorInfo>
          <Message>Test method SchoolProgram.Test.SchoolProgrmaTest.StudentsCanBeAddedToCoursesOfSchoolOnlyByTheSchool threw exception: 
System.ArgumentOutOfRangeException: Index was out of range. Must be non-negative and less than the size of the collection.
Parameter name: index</Message>
          <StackTrace>    at System.ThrowHelper.ThrowArgumentOutOfRangeException()
   at System.Collections.Generic.List`1.get_Item(Int32 index)
   at SchoolProgram.Test.SchoolProgrmaTest.StudentsCanBeAddedToCoursesOfSchoolOnlyByTheSchool() in D:\GitProjects\TelerikAcademy\Quality\Unit Testing\TestProject1\SchoolProgrmaTest.cs:line 150
</StackTrace>
        </ErrorInfo>
      </Output>
    </UnitTestResult>
    <UnitTestResult executionId="882c8aed-6675-4306-b8cb-0c33295780bf" testId="68395984-32a2-812e-47b7-b8cfa6e54e37" testName="StudentIsCloned" computerName="HOMES" duration="00:00:00.0004704" startTime="2014-06-13T10:08:16.9062500+03:00" endTime="2014-06-13T10:08:16.9218750+03:00" testType="13cdc9d9-ddb5-4fa4-a97d-d965ccfc6d4b" outcome="Passed" testListId="8c84fa94-04c1-424b-9868-57a2d4851a1d" relativeResultsDirectory="882c8aed-6675-4306-b8cb-0c33295780bf">
    </UnitTestResult>
    <UnitTestResult executionId="de3e48f1-d41a-487c-bd09-4e0be53a55a7" testId="81716788-85b5-f251-2744-470ff30f66ff" testName="StudentShouldNotBeNull" computerName="HOMES" duration="00:00:00.0003324" startTime="2014-06-13T10:08:16.9218750+03:00" endTime="2014-06-13T10:08:16.9375000+03:00" testType="13cdc9d9-ddb5-4fa4-a97d-d965ccfc6d4b" outcome="Passed" testListId="8c84fa94-04c1-424b-9868-57a2d4851a1d" relativeResultsDirectory="de3e48f1-d41a-487c-bd09-4e0be53a55a7">
    </UnitTestResult>
    <UnitTestResult executionId="d8df8852-29e3-4d7c-a464-8360ac602f07" testId="b722a069-caba-30d6-cde9-6408783cc2b6" testName="StudentNameShouldBeTheSameAsTheGivenArgumentString" computerName="HOMES" duration="00:00:00.0004218" startTime="2014-06-13T10:08:16.9375000+03:00" endTime="2014-06-13T10:08:16.9375000+03:00" testType="13cdc9d9-ddb5-4fa4-a97d-d965ccfc6d4b" outcome="Passed" testListId="8c84fa94-04c1-424b-9868-57a2d4851a1d" relativeResultsDirectory="d8df8852-29e3-4d7c-a464-8360ac602f07">
    </UnitTestResult>
  </Results>
</TestRun>