<?xml version="1.0" encoding="UTF-8"?>
<TestRun id="1bb690e1-0ede-4ac4-97a0-2065d6349890" name="User@HOMES 2014-06-13 10:03:20" runUser="HOMES\User" xmlns="http://microsoft.com/schemas/VisualStudio/TeamTest/2010">
  <TestSettings name="Local" id="8527c876-9647-47d7-bfd0-1c28719b9974">
    <Description>These are default test settings for a local test run.</Description>
    <Deployment enabled="false" runDeploymentRoot="User_HOMES 2014-06-13 10_03_20">
      <DeploymentItem filename="D:\GitProjects\TelerikAcademy\Quality\Unit Testing\Unit Testing\bin\Debug\Unit Testing.exe" />
    </Deployment>
    <Execution>
      <TestTypeSpecific />
      <AgentRule name="Execution Agents">
      </AgentRule>
    </Execution>
  </TestSettings>
  <Times creation="2014-06-13T10:03:20.2031250+03:00" queuing="2014-06-13T10:03:23.2968750+03:00" start="2014-06-13T10:03:23.5000000+03:00" finish="2014-06-13T10:04:34.7031250+03:00" />
  <ResultSummary outcome="Error">
    <Counters total="10" executed="4" passed="3" error="0" failed="0" timeout="0" aborted="1" inconclusive="0" passedButRunAborted="0" notRunnable="0" notExecuted="6" disconnected="0" warning="0" completed="0" inProgress="0" pending="0" />
    <RunInfos>
      <RunInfo computerName="HOMES" outcome="Error" timestamp="2014-06-13T10:04:34.7031250+03:00">
        <Text>Test host process exited unexpectedly.</Text>
      </RunInfo>
    </RunInfos>
  </ResultSummary>
  <TestDefinitions>
    <UnitTest name="CourseShouldNotBeNull" storage="d:\gitprojects\telerikacademy\quality\unit testing\testproject1\bin\debug\schoolprogram.test.dll" id="3309386d-ea7e-186d-e5a2-891915c72bc0">
      <Execution id="fe8a888c-8a0d-4bbd-a171-5f3b8f444dfa" />
      <TestMethod codeBase="D:/GitProjects/TelerikAcademy/Quality/Unit Testing/TestProject1/bin/Debug/SchoolProgram.Test.DLL" adapterTypeName="Microsoft.VisualStudio.TestTools.TestTypes.Unit.UnitTestAdapter, Microsoft.VisualStudio.QualityTools.Tips.UnitTest.Adapter, Version=10.0.0.0, Culture=neutral, PublicKeyToken=b03f5f7f11d50a3a" className="SchoolProgram.Test.SchoolProgrmaTest, SchoolProgram.Test, Version=1.0.0.0, Culture=neutral, PublicKeyToken=null" name="CourseShouldNotBeNull" />
    </UnitTest>
    <UnitTest name="StudentIsCloned" storage="d:\gitprojects\telerikacademy\quality\unit testing\testproject1\bin\debug\schoolprogram.test.dll" id="68395984-32a2-812e-47b7-b8cfa6e54e37">
      <Execution id="92c73a7a-e917-4cf0-993d-e3d4a9990618" />
      <TestMethod codeBase="D:/GitProjects/TelerikAcademy/Quality/Unit Testing/TestProject1/bin/Debug/SchoolProgram.Test.DLL" adapterTypeName="Microsoft.VisualStudio.TestTools.TestTypes.Unit.UnitTestAdapter, Microsoft.VisualStudio.QualityTools.Tips.UnitTest.Adapter, Version=10.0.0.0, Culture=neutral, PublicKeyToken=b03f5f7f11d50a3a" className="SchoolProgram.Test.SchoolProgrmaTest, SchoolProgram.Test, Version=1.0.0.0, Culture=neutral, PublicKeyToken=null" name="StudentIsCloned" />
    </UnitTest>
    <UnitTest name="StudentsCanBeAddedToCoursesOfSchoolOnlyByTheSchool" storage="d:\gitprojects\telerikacademy\quality\unit testing\testproject1\bin\debug\schoolprogram.test.dll" id="5a4e1556-8543-72fb-d9c4-9639e8fe0c6a">
      <Execution id="3a1da3bf-0d1d-4969-a33a-f6590656eb57" />
      <TestMethod codeBase="D:/GitProjects/TelerikAcademy/Quality/Unit Testing/TestProject1/bin/Debug/SchoolProgram.Test.DLL" adapterTypeName="Microsoft.VisualStudio.TestTools.TestTypes.Unit.UnitTestAdapter, Microsoft.VisualStudio.QualityTools.Tips.UnitTest.Adapter, Version=10.0.0.0, Culture=neutral, PublicKeyToken=b03f5f7f11d50a3a" className="SchoolProgram.Test.SchoolProgrmaTest, SchoolProgram.Test, Version=1.0.0.0, Culture=neutral, PublicKeyToken=null" name="StudentsCanBeAddedToCoursesOfSchoolOnlyByTheSchool" />
    </UnitTest>
    <UnitTest name="CourseIsCloned" storage="d:\gitprojects\telerikacademy\quality\unit testing\testproject1\bin\debug\schoolprogram.test.dll" id="3d319b27-29f6-6ac9-e226-acf9bca47d3b">
      <Execution id="f8dcef6e-fbd8-4dcf-bd3a-12e7bcf851bd" />
      <TestMethod codeBase="D:/GitProjects/TelerikAcademy/Quality/Unit Testing/TestProject1/bin/Debug/SchoolProgram.Test.DLL" adapterTypeName="Microsoft.VisualStudio.TestTools.TestTypes.Unit.UnitTestAdapter, Microsoft.VisualStudio.QualityTools.Tips.UnitTest.Adapter, Version=10.0.0.0, Culture=neutral, PublicKeyToken=b03f5f7f11d50a3a" className="SchoolProgram.Test.SchoolProgrmaTest, SchoolProgram.Test, Version=1.0.0.0, Culture=neutral, PublicKeyToken=null" name="CourseIsCloned" />
    </UnitTest>
    <UnitTest name="CourseIdShouldBeBiggerThan0" storage="d:\gitprojects\telerikacademy\quality\unit testing\testproject1\bin\debug\schoolprogram.test.dll" id="4bd3d53b-72db-10b5-6a92-913f820ea831">
      <Execution id="b4b98ad3-13ad-4258-ba42-dc39643c2b52" />
      <TestMethod codeBase="D:/GitProjects/TelerikAcademy/Quality/Unit Testing/TestProject1/bin/Debug/SchoolProgram.Test.DLL" adapterTypeName="Microsoft.VisualStudio.TestTools.TestTypes.Unit.UnitTestAdapter, Microsoft.VisualStudio.QualityTools.Tips.UnitTest.Adapter, Version=10.0.0.0, Culture=neutral, PublicKeyToken=b03f5f7f11d50a3a" className="SchoolProgram.Test.SchoolProgrmaTest, SchoolProgram.Test, Version=1.0.0.0, Culture=neutral, PublicKeyToken=null" name="CourseIdShouldBeBiggerThan0" />
    </UnitTest>
    <UnitTest name="StudentShouldNotBeNull" storage="d:\gitprojects\telerikacademy\quality\unit testing\testproject1\bin\debug\schoolprogram.test.dll" id="81716788-85b5-f251-2744-470ff30f66ff">
      <Execution id="386573df-d259-4b76-a4c0-f29656df7999" />
      <TestMethod codeBase="D:/GitProjects/TelerikAcademy/Quality/Unit Testing/TestProject1/bin/Debug/SchoolProgram.Test.DLL" adapterTypeName="Microsoft.VisualStudio.TestTools.TestTypes.Unit.UnitTestAdapter, Microsoft.VisualStudio.QualityTools.Tips.UnitTest.Adapter, Version=10.0.0.0, Culture=neutral, PublicKeyToken=b03f5f7f11d50a3a" className="SchoolProgram.Test.SchoolProgrmaTest, SchoolProgram.Test, Version=1.0.0.0, Culture=neutral, PublicKeyToken=null" name="StudentShouldNotBeNull" />
    </UnitTest>
    <UnitTest name="StudentNameShouldBeTheSameAsTheGivenArgumentString" storage="d:\gitprojects\telerikacademy\quality\unit testing\testproject1\bin\debug\schoolprogram.test.dll" id="b722a069-caba-30d6-cde9-6408783cc2b6">
      <Execution id="53c66291-7fbf-4cbc-abfb-07c73e10ce91" />
      <TestMethod codeBase="D:/GitProjects/TelerikAcademy/Quality/Unit Testing/TestProject1/bin/Debug/SchoolProgram.Test.DLL" adapterTypeName="Microsoft.VisualStudio.TestTools.TestTypes.Unit.UnitTestAdapter, Microsoft.VisualStudio.QualityTools.Tips.UnitTest.Adapter, Version=10.0.0.0, Culture=neutral, PublicKeyToken=b03f5f7f11d50a3a" className="SchoolProgram.Test.SchoolProgrmaTest, SchoolProgram.Test, Version=1.0.0.0, Culture=neutral, PublicKeyToken=null" name="StudentNameShouldBeTheSameAsTheGivenArgumentString" />
    </UnitTest>
    <UnitTest name="StudentsCanBeAddedToCourses" storage="d:\gitprojects\telerikacademy\quality\unit testing\testproject1\bin\debug\schoolprogram.test.dll" id="07554278-6f52-f3eb-3aeb-2d816a3a4286">
      <Execution id="5ec0ace3-ecf8-4e25-ad36-c5de2c91b5dd" />
      <TestMethod codeBase="D:/GitProjects/TelerikAcademy/Quality/Unit Testing/TestProject1/bin/Debug/SchoolProgram.Test.DLL" adapterTypeName="Microsoft.VisualStudio.TestTools.TestTypes.Unit.UnitTestAdapter, Microsoft.VisualStudio.QualityTools.Tips.UnitTest.Adapter, Version=10.0.0.0, Culture=neutral, PublicKeyToken=b03f5f7f11d50a3a" className="SchoolProgram.Test.SchoolProgrmaTest, SchoolProgram.Test, Version=1.0.0.0, Culture=neutral, PublicKeyToken=null" name="StudentsCanBeAddedToCourses" />
    </UnitTest>
    <UnitTest name="CourseNameShouldBeTheSameAsTheGivenArgumentString" storage="d:\gitprojects\telerikacademy\quality\unit testing\testproject1\bin\debug\schoolprogram.test.dll" id="1660cd45-9ce4-c45f-d383-0e562aa7cb36">
      <Execution id="d3ec0aba-e7a7-456a-8fc2-36b2507c321e" />
      <TestMethod codeBase="D:/GitProjects/TelerikAcademy/Quality/Unit Testing/TestProject1/bin/Debug/SchoolProgram.Test.DLL" adapterTypeName="Microsoft.VisualStudio.TestTools.TestTypes.Unit.UnitTestAdapter, Microsoft.VisualStudio.QualityTools.Tips.UnitTest.Adapter, Version=10.0.0.0, Culture=neutral, PublicKeyToken=b03f5f7f11d50a3a" className="SchoolProgram.Test.SchoolProgrmaTest, SchoolProgram.Test, Version=1.0.0.0, Culture=neutral, PublicKeyToken=null" name="CourseNameShouldBeTheSameAsTheGivenArgumentString" />
    </UnitTest>
    <UnitTest name="StudentIdShouldBeBiggerThan10000" storage="d:\gitprojects\telerikacademy\quality\unit testing\testproject1\bin\debug\schoolprogram.test.dll" id="39d03994-97e6-46bd-6ed7-3f665575b2a7">
      <Execution id="e5bd82f5-46fe-4456-a594-975a3d91d545" />
      <TestMethod codeBase="D:/GitProjects/TelerikAcademy/Quality/Unit Testing/TestProject1/bin/Debug/SchoolProgram.Test.DLL" adapterTypeName="Microsoft.VisualStudio.TestTools.TestTypes.Unit.UnitTestAdapter, Microsoft.VisualStudio.QualityTools.Tips.UnitTest.Adapter, Version=10.0.0.0, Culture=neutral, PublicKeyToken=b03f5f7f11d50a3a" className="SchoolProgram.Test.SchoolProgrmaTest, SchoolProgram.Test, Version=1.0.0.0, Culture=neutral, PublicKeyToken=null" name="StudentIdShouldBeBiggerThan10000" />
    </UnitTest>
  </TestDefinitions>
  <TestLists>
    <TestList name="Results Not in a List" id="8c84fa94-04c1-424b-9868-57a2d4851a1d" />
    <TestList name="All Loaded Results" id="19431567-8539-422a-85d7-44ee4e166bda" />
  </TestLists>
  <TestEntries>
    <TestEntry testId="81716788-85b5-f251-2744-470ff30f66ff" executionId="386573df-d259-4b76-a4c0-f29656df7999" testListId="8c84fa94-04c1-424b-9868-57a2d4851a1d" />
    <TestEntry testId="b722a069-caba-30d6-cde9-6408783cc2b6" executionId="53c66291-7fbf-4cbc-abfb-07c73e10ce91" testListId="8c84fa94-04c1-424b-9868-57a2d4851a1d" />
    <TestEntry testId="39d03994-97e6-46bd-6ed7-3f665575b2a7" executionId="e5bd82f5-46fe-4456-a594-975a3d91d545" testListId="8c84fa94-04c1-424b-9868-57a2d4851a1d" />
    <TestEntry testId="68395984-32a2-812e-47b7-b8cfa6e54e37" executionId="92c73a7a-e917-4cf0-993d-e3d4a9990618" testListId="8c84fa94-04c1-424b-9868-57a2d4851a1d" />
    <TestEntry testId="3309386d-ea7e-186d-e5a2-891915c72bc0" executionId="fe8a888c-8a0d-4bbd-a171-5f3b8f444dfa" testListId="8c84fa94-04c1-424b-9868-57a2d4851a1d" />
    <TestEntry testId="1660cd45-9ce4-c45f-d383-0e562aa7cb36" executionId="d3ec0aba-e7a7-456a-8fc2-36b2507c321e" testListId="8c84fa94-04c1-424b-9868-57a2d4851a1d" />
    <TestEntry testId="4bd3d53b-72db-10b5-6a92-913f820ea831" executionId="b4b98ad3-13ad-4258-ba42-dc39643c2b52" testListId="8c84fa94-04c1-424b-9868-57a2d4851a1d" />
    <TestEntry testId="3d319b27-29f6-6ac9-e226-acf9bca47d3b" executionId="f8dcef6e-fbd8-4dcf-bd3a-12e7bcf851bd" testListId="8c84fa94-04c1-424b-9868-57a2d4851a1d" />
    <TestEntry testId="07554278-6f52-f3eb-3aeb-2d816a3a4286" executionId="5ec0ace3-ecf8-4e25-ad36-c5de2c91b5dd" testListId="8c84fa94-04c1-424b-9868-57a2d4851a1d" />
    <TestEntry testId="5a4e1556-8543-72fb-d9c4-9639e8fe0c6a" executionId="3a1da3bf-0d1d-4969-a33a-f6590656eb57" testListId="8c84fa94-04c1-424b-9868-57a2d4851a1d" />
  </TestEntries>
  <Results>
    <UnitTestResult executionId="386573df-d259-4b76-a4c0-f29656df7999" testId="81716788-85b5-f251-2744-470ff30f66ff" testName="StudentShouldNotBeNull" computerName="HOMES" duration="00:00:00.0473021" startTime="2014-06-13T10:03:23.7031250+03:00" endTime="2014-06-13T10:03:24.9218750+03:00" testType="13cdc9d9-ddb5-4fa4-a97d-d965ccfc6d4b" outcome="Passed" testListId="8c84fa94-04c1-424b-9868-57a2d4851a1d" relativeResultsDirectory="386573df-d259-4b76-a4c0-f29656df7999">
    </UnitTestResult>
    <UnitTestResult executionId="53c66291-7fbf-4cbc-abfb-07c73e10ce91" testId="b722a069-caba-30d6-cde9-6408783cc2b6" testName="StudentNameShouldBeTheSameAsTheGivenArgumentString" computerName="HOMES" duration="00:00:00.0006383" startTime="2014-06-13T10:03:24.9687500+03:00" endTime="2014-06-13T10:03:25.0000000+03:00" testType="13cdc9d9-ddb5-4fa4-a97d-d965ccfc6d4b" outcome="Passed" testListId="8c84fa94-04c1-424b-9868-57a2d4851a1d" relativeResultsDirectory="53c66291-7fbf-4cbc-abfb-07c73e10ce91">
    </UnitTestResult>
    <UnitTestResult executionId="e5bd82f5-46fe-4456-a594-975a3d91d545" testId="39d03994-97e6-46bd-6ed7-3f665575b2a7" testName="StudentIdShouldBeBiggerThan10000" computerName="HOMES" duration="00:00:00.0004981" startTime="2014-06-13T10:03:25.0156250+03:00" endTime="2014-06-13T10:03:25.0468750+03:00" testType="13cdc9d9-ddb5-4fa4-a97d-d965ccfc6d4b" outcome="Passed" testListId="8c84fa94-04c1-424b-9868-57a2d4851a1d" relativeResultsDirectory="e5bd82f5-46fe-4456-a594-975a3d91d545">
    </UnitTestResult>
    <UnitTestResult executionId="92c73a7a-e917-4cf0-993d-e3d4a9990618" testId="68395984-32a2-812e-47b7-b8cfa6e54e37" testName="StudentIsCloned" computerName="HOMES" duration="00:01:09.6406250" startTime="2014-06-13T10:03:25.0625000+03:00" endTime="2014-06-13T10:04:34.7031250+03:00" testType="13cdc9d9-ddb5-4fa4-a97d-d965ccfc6d4b" outcome="Aborted" testListId="8c84fa94-04c1-424b-9868-57a2d4851a1d" relativeResultsDirectory="92c73a7a-e917-4cf0-993d-e3d4a9990618">
    </UnitTestResult>
    <UnitTestResult executionId="fe8a888c-8a0d-4bbd-a171-5f3b8f444dfa" testId="3309386d-ea7e-186d-e5a2-891915c72bc0" testName="CourseShouldNotBeNull" computerName="HOMES" testType="13cdc9d9-ddb5-4fa4-a97d-d965ccfc6d4b" outcome="NotExecuted" testListId="8c84fa94-04c1-424b-9868-57a2d4851a1d" relativeResultsDirectory="fe8a888c-8a0d-4bbd-a171-5f3b8f444dfa">
    </UnitTestResult>
    <UnitTestResult executionId="d3ec0aba-e7a7-456a-8fc2-36b2507c321e" testId="1660cd45-9ce4-c45f-d383-0e562aa7cb36" testName="CourseNameShouldBeTheSameAsTheGivenArgumentString" computerName="HOMES" testType="13cdc9d9-ddb5-4fa4-a97d-d965ccfc6d4b" outcome="NotExecuted" testListId="8c84fa94-04c1-424b-9868-57a2d4851a1d" relativeResultsDirectory="d3ec0aba-e7a7-456a-8fc2-36b2507c321e">
    </UnitTestResult>
    <UnitTestResult executionId="b4b98ad3-13ad-4258-ba42-dc39643c2b52" testId="4bd3d53b-72db-10b5-6a92-913f820ea831" testName="CourseIdShouldBeBiggerThan0" computerName="HOMES" testType="13cdc9d9-ddb5-4fa4-a97d-d965ccfc6d4b" outcome="NotExecuted" testListId="8c84fa94-04c1-424b-9868-57a2d4851a1d" relativeResultsDirectory="b4b98ad3-13ad-4258-ba42-dc39643c2b52">
    </UnitTestResult>
    <UnitTestResult executionId="f8dcef6e-fbd8-4dcf-bd3a-12e7bcf851bd" testId="3d319b27-29f6-6ac9-e226-acf9bca47d3b" testName="CourseIsCloned" computerName="HOMES" testType="13cdc9d9-ddb5-4fa4-a97d-d965ccfc6d4b" outcome="NotExecuted" testListId="8c84fa94-04c1-424b-9868-57a2d4851a1d" relativeResultsDirectory="f8dcef6e-fbd8-4dcf-bd3a-12e7bcf851bd">
    </UnitTestResult>
    <UnitTestResult executionId="5ec0ace3-ecf8-4e25-ad36-c5de2c91b5dd" testId="07554278-6f52-f3eb-3aeb-2d816a3a4286" testName="StudentsCanBeAddedToCourses" computerName="HOMES" testType="13cdc9d9-ddb5-4fa4-a97d-d965ccfc6d4b" outcome="NotExecuted" testListId="8c84fa94-04c1-424b-9868-57a2d4851a1d" relativeResultsDirectory="5ec0ace3-ecf8-4e25-ad36-c5de2c91b5dd">
    </UnitTestResult>
    <UnitTestResult executionId="3a1da3bf-0d1d-4969-a33a-f6590656eb57" testId="5a4e1556-8543-72fb-d9c4-9639e8fe0c6a" testName="StudentsCanBeAddedToCoursesOfSchoolOnlyByTheSchool" computerName="HOMES" testType="13cdc9d9-ddb5-4fa4-a97d-d965ccfc6d4b" outcome="NotExecuted" testListId="8c84fa94-04c1-424b-9868-57a2d4851a1d" relativeResultsDirectory="3a1da3bf-0d1d-4969-a33a-f6590656eb57">
    </UnitTestResult>
  </Results>
</TestRun>