<?xml version="1.0" encoding="UTF-8"?>
<TestRun id="ca782010-16f6-471d-a8f1-7abe9d40e130" name="User@HOMES 2014-06-13 10:15:39" runUser="HOMES\User" xmlns="http://microsoft.com/schemas/VisualStudio/TeamTest/2010">
  <TestSettings name="Local" id="8527c876-9647-47d7-bfd0-1c28719b9974">
    <Description>These are default test settings for a local test run.</Description>
    <Deployment enabled="false" runDeploymentRoot="User_HOMES 2014-06-13 10_15_39">
      <DeploymentItem filename="D:\GitProjects\TelerikAcademy\Quality\Unit Testing\Unit Testing\bin\Debug\Unit Testing.exe" />
    </Deployment>
    <Execution>
      <TestTypeSpecific />
      <AgentRule name="Execution Agents">
      </AgentRule>
    </Execution>
  </TestSettings>
  <Times creation="2014-06-13T10:15:39.8906250+03:00" queuing="2014-06-13T10:15:41.3125000+03:00" start="2014-06-13T10:15:41.5000000+03:00" finish="2014-06-13T10:16:54.9218750+03:00" />
  <ResultSummary outcome="Error">
    <Counters total="10" executed="10" passed="9" error="0" failed="0" timeout="0" aborted="1" inconclusive="0" passedButRunAborted="0" notRunnable="0" notExecuted="0" disconnected="0" warning="0" completed="0" inProgress="0" pending="0" />
    <RunInfos>
      <RunInfo computerName="HOMES" outcome="Error" timestamp="2014-06-13T10:16:54.9218750+03:00">
        <Text>Test host process exited unexpectedly.</Text>
      </RunInfo>
    </RunInfos>
  </ResultSummary>
  <TestDefinitions>
    <UnitTest name="CourseShouldNotBeNull" storage="d:\gitprojects\telerikacademy\quality\unit testing\testproject1\bin\debug\schoolprogram.test.dll" id="3309386d-ea7e-186d-e5a2-891915c72bc0">
      <Execution id="271d7180-358f-456f-adcc-bcef9d94efa5" />
      <TestMethod codeBase="D:/GitProjects/TelerikAcademy/Quality/Unit Testing/TestProject1/bin/Debug/SchoolProgram.Test.DLL" adapterTypeName="Microsoft.VisualStudio.TestTools.TestTypes.Unit.UnitTestAdapter, Microsoft.VisualStudio.QualityTools.Tips.UnitTest.Adapter, Version=10.0.0.0, Culture=neutral, PublicKeyToken=b03f5f7f11d50a3a" className="SchoolProgram.Test.SchoolProgrmaTest, SchoolProgram.Test, Version=1.0.0.0, Culture=neutral, PublicKeyToken=null" name="CourseShouldNotBeNull" />
    </UnitTest>
    <UnitTest name="StudentIsCloned" storage="d:\gitprojects\telerikacademy\quality\unit testing\testproject1\bin\debug\schoolprogram.test.dll" id="68395984-32a2-812e-47b7-b8cfa6e54e37">
      <Execution id="317bd179-9cfa-4e10-8afb-b2106cdc099c" />
      <TestMethod codeBase="D:/GitProjects/TelerikAcademy/Quality/Unit Testing/TestProject1/bin/Debug/SchoolProgram.Test.DLL" adapterTypeName="Microsoft.VisualStudio.TestTools.TestTypes.Unit.UnitTestAdapter, Microsoft.VisualStudio.QualityTools.Tips.UnitTest.Adapter, Version=10.0.0.0, Culture=neutral, PublicKeyToken=b03f5f7f11d50a3a" className="SchoolProgram.Test.SchoolProgrmaTest, SchoolProgram.Test, Version=1.0.0.0, Culture=neutral, PublicKeyToken=null" name="StudentIsCloned" />
    </UnitTest>
    <UnitTest name="StudentsCanBeAddedToCoursesOfSchoolOnlyByTheSchool" storage="d:\gitprojects\telerikacademy\quality\unit testing\testproject1\bin\debug\schoolprogram.test.dll" id="5a4e1556-8543-72fb-d9c4-9639e8fe0c6a">
      <Execution id="a9a5726b-36a3-470f-a3cc-52384e4b7bbc" />
      <TestMethod codeBase="D:/GitProjects/TelerikAcademy/Quality/Unit Testing/TestProject1/bin/Debug/SchoolProgram.Test.DLL" adapterTypeName="Microsoft.VisualStudio.TestTools.TestTypes.Unit.UnitTestAdapter, Microsoft.VisualStudio.QualityTools.Tips.UnitTest.Adapter, Version=10.0.0.0, Culture=neutral, PublicKeyToken=b03f5f7f11d50a3a" className="SchoolProgram.Test.SchoolProgrmaTest, SchoolProgram.Test, Version=1.0.0.0, Culture=neutral, PublicKeyToken=null" name="StudentsCanBeAddedToCoursesOfSchoolOnlyByTheSchool" />
    </UnitTest>
    <UnitTest name="CourseIsCloned" storage="d:\gitprojects\telerikacademy\quality\unit testing\testproject1\bin\debug\schoolprogram.test.dll" id="3d319b27-29f6-6ac9-e226-acf9bca47d3b">
      <Execution id="68691aae-8bc4-4cb4-8f05-aaa6c3a6aaf0" />
      <TestMethod codeBase="D:/GitProjects/TelerikAcademy/Quality/Unit Testing/TestProject1/bin/Debug/SchoolProgram.Test.DLL" adapterTypeName="Microsoft.VisualStudio.TestTools.TestTypes.Unit.UnitTestAdapter, Microsoft.VisualStudio.QualityTools.Tips.UnitTest.Adapter, Version=10.0.0.0, Culture=neutral, PublicKeyToken=b03f5f7f11d50a3a" className="SchoolProgram.Test.SchoolProgrmaTest, SchoolProgram.Test, Version=1.0.0.0, Culture=neutral, PublicKeyToken=null" name="CourseIsCloned" />
    </UnitTest>
    <UnitTest name="CourseIdShouldBeBiggerThan0" storage="d:\gitprojects\telerikacademy\quality\unit testing\testproject1\bin\debug\schoolprogram.test.dll" id="4bd3d53b-72db-10b5-6a92-913f820ea831">
      <Execution id="c3c13cba-cf0c-4dfb-bcd0-077816c668dc" />
      <TestMethod codeBase="D:/GitProjects/TelerikAcademy/Quality/Unit Testing/TestProject1/bin/Debug/SchoolProgram.Test.DLL" adapterTypeName="Microsoft.VisualStudio.TestTools.TestTypes.Unit.UnitTestAdapter, Microsoft.VisualStudio.QualityTools.Tips.UnitTest.Adapter, Version=10.0.0.0, Culture=neutral, PublicKeyToken=b03f5f7f11d50a3a" className="SchoolProgram.Test.SchoolProgrmaTest, SchoolProgram.Test, Version=1.0.0.0, Culture=neutral, PublicKeyToken=null" name="CourseIdShouldBeBiggerThan0" />
    </UnitTest>
    <UnitTest name="StudentShouldNotBeNull" storage="d:\gitprojects\telerikacademy\quality\unit testing\testproject1\bin\debug\schoolprogram.test.dll" id="81716788-85b5-f251-2744-470ff30f66ff">
      <Execution id="7fd7f8ab-c6a8-46b9-81cb-186d911b575c" />
      <TestMethod codeBase="D:/GitProjects/TelerikAcademy/Quality/Unit Testing/TestProject1/bin/Debug/SchoolProgram.Test.DLL" adapterTypeName="Microsoft.VisualStudio.TestTools.TestTypes.Unit.UnitTestAdapter, Microsoft.VisualStudio.QualityTools.Tips.UnitTest.Adapter, Version=10.0.0.0, Culture=neutral, PublicKeyToken=b03f5f7f11d50a3a" className="SchoolProgram.Test.SchoolProgrmaTest, SchoolProgram.Test, Version=1.0.0.0, Culture=neutral, PublicKeyToken=null" name="StudentShouldNotBeNull" />
    </UnitTest>
    <UnitTest name="StudentNameShouldBeTheSameAsTheGivenArgumentString" storage="d:\gitprojects\telerikacademy\quality\unit testing\testproject1\bin\debug\schoolprogram.test.dll" id="b722a069-caba-30d6-cde9-6408783cc2b6">
      <Execution id="4768d3f0-7553-4bb9-af70-99fd4ac53084" />
      <TestMethod codeBase="D:/GitProjects/TelerikAcademy/Quality/Unit Testing/TestProject1/bin/Debug/SchoolProgram.Test.DLL" adapterTypeName="Microsoft.VisualStudio.TestTools.TestTypes.Unit.UnitTestAdapter, Microsoft.VisualStudio.QualityTools.Tips.UnitTest.Adapter, Version=10.0.0.0, Culture=neutral, PublicKeyToken=b03f5f7f11d50a3a" className="SchoolProgram.Test.SchoolProgrmaTest, SchoolProgram.Test, Version=1.0.0.0, Culture=neutral, PublicKeyToken=null" name="StudentNameShouldBeTheSameAsTheGivenArgumentString" />
    </UnitTest>
    <UnitTest name="StudentsCanBeAddedToCourses" storage="d:\gitprojects\telerikacademy\quality\unit testing\testproject1\bin\debug\schoolprogram.test.dll" id="07554278-6f52-f3eb-3aeb-2d816a3a4286">
      <Execution id="b448b31b-af5c-449a-b43c-0bfe6fd5d438" />
      <TestMethod codeBase="D:/GitProjects/TelerikAcademy/Quality/Unit Testing/TestProject1/bin/Debug/SchoolProgram.Test.DLL" adapterTypeName="Microsoft.VisualStudio.TestTools.TestTypes.Unit.UnitTestAdapter, Microsoft.VisualStudio.QualityTools.Tips.UnitTest.Adapter, Version=10.0.0.0, Culture=neutral, PublicKeyToken=b03f5f7f11d50a3a" className="SchoolProgram.Test.SchoolProgrmaTest, SchoolProgram.Test, Version=1.0.0.0, Culture=neutral, PublicKeyToken=null" name="StudentsCanBeAddedToCourses" />
    </UnitTest>
    <UnitTest name="CourseNameShouldBeTheSameAsTheGivenArgumentString" storage="d:\gitprojects\telerikacademy\quality\unit testing\testproject1\bin\debug\schoolprogram.test.dll" id="1660cd45-9ce4-c45f-d383-0e562aa7cb36">
      <Execution id="fa6f1de1-8a28-496c-9bbe-67460da42ee1" />
      <TestMethod codeBase="D:/GitProjects/TelerikAcademy/Quality/Unit Testing/TestProject1/bin/Debug/SchoolProgram.Test.DLL" adapterTypeName="Microsoft.VisualStudio.TestTools.TestTypes.Unit.UnitTestAdapter, Microsoft.VisualStudio.QualityTools.Tips.UnitTest.Adapter, Version=10.0.0.0, Culture=neutral, PublicKeyToken=b03f5f7f11d50a3a" className="SchoolProgram.Test.SchoolProgrmaTest, SchoolProgram.Test, Version=1.0.0.0, Culture=neutral, PublicKeyToken=null" name="CourseNameShouldBeTheSameAsTheGivenArgumentString" />
    </UnitTest>
    <UnitTest name="StudentIdShouldBeBiggerThan10000" storage="d:\gitprojects\telerikacademy\quality\unit testing\testproject1\bin\debug\schoolprogram.test.dll" id="39d03994-97e6-46bd-6ed7-3f665575b2a7">
      <Execution id="4b2c14b3-6a63-4a65-8d1b-f6d97ac80a8b" />
      <TestMethod codeBase="D:/GitProjects/TelerikAcademy/Quality/Unit Testing/TestProject1/bin/Debug/SchoolProgram.Test.DLL" adapterTypeName="Microsoft.VisualStudio.TestTools.TestTypes.Unit.UnitTestAdapter, Microsoft.VisualStudio.QualityTools.Tips.UnitTest.Adapter, Version=10.0.0.0, Culture=neutral, PublicKeyToken=b03f5f7f11d50a3a" className="SchoolProgram.Test.SchoolProgrmaTest, SchoolProgram.Test, Version=1.0.0.0, Culture=neutral, PublicKeyToken=null" name="StudentIdShouldBeBiggerThan10000" />
    </UnitTest>
  </TestDefinitions>
  <TestLists>
    <TestList name="Results Not in a List" id="8c84fa94-04c1-424b-9868-57a2d4851a1d" />
    <TestList name="All Loaded Results" id="19431567-8539-422a-85d7-44ee4e166bda" />
  </TestLists>
  <TestEntries>
    <TestEntry testId="81716788-85b5-f251-2744-470ff30f66ff" executionId="7fd7f8ab-c6a8-46b9-81cb-186d911b575c" testListId="8c84fa94-04c1-424b-9868-57a2d4851a1d" />
    <TestEntry testId="b722a069-caba-30d6-cde9-6408783cc2b6" executionId="4768d3f0-7553-4bb9-af70-99fd4ac53084" testListId="8c84fa94-04c1-424b-9868-57a2d4851a1d" />
    <TestEntry testId="39d03994-97e6-46bd-6ed7-3f665575b2a7" executionId="4b2c14b3-6a63-4a65-8d1b-f6d97ac80a8b" testListId="8c84fa94-04c1-424b-9868-57a2d4851a1d" />
    <TestEntry testId="68395984-32a2-812e-47b7-b8cfa6e54e37" executionId="317bd179-9cfa-4e10-8afb-b2106cdc099c" testListId="8c84fa94-04c1-424b-9868-57a2d4851a1d" />
    <TestEntry testId="3309386d-ea7e-186d-e5a2-891915c72bc0" executionId="271d7180-358f-456f-adcc-bcef9d94efa5" testListId="8c84fa94-04c1-424b-9868-57a2d4851a1d" />
    <TestEntry testId="1660cd45-9ce4-c45f-d383-0e562aa7cb36" executionId="fa6f1de1-8a28-496c-9bbe-67460da42ee1" testListId="8c84fa94-04c1-424b-9868-57a2d4851a1d" />
    <TestEntry testId="4bd3d53b-72db-10b5-6a92-913f820ea831" executionId="c3c13cba-cf0c-4dfb-bcd0-077816c668dc" testListId="8c84fa94-04c1-424b-9868-57a2d4851a1d" />
    <TestEntry testId="3d319b27-29f6-6ac9-e226-acf9bca47d3b" executionId="68691aae-8bc4-4cb4-8f05-aaa6c3a6aaf0" testListId="8c84fa94-04c1-424b-9868-57a2d4851a1d" />
    <TestEntry testId="07554278-6f52-f3eb-3aeb-2d816a3a4286" executionId="b448b31b-af5c-449a-b43c-0bfe6fd5d438" testListId="8c84fa94-04c1-424b-9868-57a2d4851a1d" />
    <TestEntry testId="5a4e1556-8543-72fb-d9c4-9639e8fe0c6a" executionId="a9a5726b-36a3-470f-a3cc-52384e4b7bbc" testListId="8c84fa94-04c1-424b-9868-57a2d4851a1d" />
  </TestEntries>
  <Results>
    <UnitTestResult executionId="7fd7f8ab-c6a8-46b9-81cb-186d911b575c" testId="81716788-85b5-f251-2744-470ff30f66ff" testName="StudentShouldNotBeNull" computerName="HOMES" duration="00:00:00.0367189" startTime="2014-06-13T10:15:41.6406250+03:00" endTime="2014-06-13T10:15:42.4218750+03:00" testType="13cdc9d9-ddb5-4fa4-a97d-d965ccfc6d4b" outcome="Passed" testListId="8c84fa94-04c1-424b-9868-57a2d4851a1d" relativeResultsDirectory="7fd7f8ab-c6a8-46b9-81cb-186d911b575c">
    </UnitTestResult>
    <UnitTestResult executionId="4768d3f0-7553-4bb9-af70-99fd4ac53084" testId="b722a069-caba-30d6-cde9-6408783cc2b6" testName="StudentNameShouldBeTheSameAsTheGivenArgumentString" computerName="HOMES" duration="00:00:00.0006073" startTime="2014-06-13T10:15:42.4375000+03:00" endTime="2014-06-13T10:15:42.4687500+03:00" testType="13cdc9d9-ddb5-4fa4-a97d-d965ccfc6d4b" outcome="Passed" testListId="8c84fa94-04c1-424b-9868-57a2d4851a1d" relativeResultsDirectory="4768d3f0-7553-4bb9-af70-99fd4ac53084">
    </UnitTestResult>
    <UnitTestResult executionId="4b2c14b3-6a63-4a65-8d1b-f6d97ac80a8b" testId="39d03994-97e6-46bd-6ed7-3f665575b2a7" testName="StudentIdShouldBeBiggerThan10000" computerName="HOMES" duration="00:00:00.0004187" startTime="2014-06-13T10:15:42.4843750+03:00" endTime="2014-06-13T10:15:42.5000000+03:00" testType="13cdc9d9-ddb5-4fa4-a97d-d965ccfc6d4b" outcome="Passed" testListId="8c84fa94-04c1-424b-9868-57a2d4851a1d" relativeResultsDirectory="4b2c14b3-6a63-4a65-8d1b-f6d97ac80a8b">
    </UnitTestResult>
    <UnitTestResult executionId="317bd179-9cfa-4e10-8afb-b2106cdc099c" testId="68395984-32a2-812e-47b7-b8cfa6e54e37" testName="StudentIsCloned" computerName="HOMES" duration="00:00:00.0009381" startTime="2014-06-13T10:15:42.5000000+03:00" endTime="2014-06-13T10:15:42.5312500+03:00" testType="13cdc9d9-ddb5-4fa4-a97d-d965ccfc6d4b" outcome="Passed" testListId="8c84fa94-04c1-424b-9868-57a2d4851a1d" relativeResultsDirectory="317bd179-9cfa-4e10-8afb-b2106cdc099c">
    </UnitTestResult>
    <UnitTestResult executionId="271d7180-358f-456f-adcc-bcef9d94efa5" testId="3309386d-ea7e-186d-e5a2-891915c72bc0" testName="CourseShouldNotBeNull" computerName="HOMES" duration="00:00:00.0016189" startTime="2014-06-13T10:15:42.5312500+03:00" endTime="2014-06-13T10:15:42.5625000+03:00" testType="13cdc9d9-ddb5-4fa4-a97d-d965ccfc6d4b" outcome="Passed" testListId="8c84fa94-04c1-424b-9868-57a2d4851a1d" relativeResultsDirectory="271d7180-358f-456f-adcc-bcef9d94efa5">
    </UnitTestResult>
    <UnitTestResult executionId="fa6f1de1-8a28-496c-9bbe-67460da42ee1" testId="1660cd45-9ce4-c45f-d383-0e562aa7cb36" testName="CourseNameShouldBeTheSameAsTheGivenArgumentString" computerName="HOMES" duration="00:00:00.0004816" startTime="2014-06-13T10:15:42.5625000+03:00" endTime="2014-06-13T10:15:42.5781250+03:00" testType="13cdc9d9-ddb5-4fa4-a97d-d965ccfc6d4b" outcome="Passed" testListId="8c84fa94-04c1-424b-9868-57a2d4851a1d" relativeResultsDirectory="fa6f1de1-8a28-496c-9bbe-67460da42ee1">
    </UnitTestResult>
    <UnitTestResult executionId="c3c13cba-cf0c-4dfb-bcd0-077816c668dc" testId="4bd3d53b-72db-10b5-6a92-913f820ea831" testName="CourseIdShouldBeBiggerThan0" computerName="HOMES" duration="00:00:00.0006796" startTime="2014-06-13T10:15:42.5937500+03:00" endTime="2014-06-13T10:15:42.6093750+03:00" testType="13cdc9d9-ddb5-4fa4-a97d-d965ccfc6d4b" outcome="Passed" testListId="8c84fa94-04c1-424b-9868-57a2d4851a1d" relativeResultsDirectory="c3c13cba-cf0c-4dfb-bcd0-077816c668dc">
    </UnitTestResult>
    <UnitTestResult executionId="68691aae-8bc4-4cb4-8f05-aaa6c3a6aaf0" testId="3d319b27-29f6-6ac9-e226-acf9bca47d3b" testName="CourseIsCloned" computerName="HOMES" duration="00:00:00.0008545" startTime="2014-06-13T10:15:42.6250000+03:00" endTime="2014-06-13T10:15:42.6406250+03:00" testType="13cdc9d9-ddb5-4fa4-a97d-d965ccfc6d4b" outcome="Passed" testListId="8c84fa94-04c1-424b-9868-57a2d4851a1d" relativeResultsDirectory="68691aae-8bc4-4cb4-8f05-aaa6c3a6aaf0">
    </UnitTestResult>
    <UnitTestResult executionId="b448b31b-af5c-449a-b43c-0bfe6fd5d438" testId="07554278-6f52-f3eb-3aeb-2d816a3a4286" testName="StudentsCanBeAddedToCourses" computerName="HOMES" duration="00:00:00.0025276" startTime="2014-06-13T10:15:42.6562500+03:00" endTime="2014-06-13T10:15:42.6875000+03:00" testType="13cdc9d9-ddb5-4fa4-a97d-d965ccfc6d4b" outcome="Passed" testListId="8c84fa94-04c1-424b-9868-57a2d4851a1d" relativeResultsDirectory="b448b31b-af5c-449a-b43c-0bfe6fd5d438">
    </UnitTestResult>
    <UnitTestResult executionId="a9a5726b-36a3-470f-a3cc-52384e4b7bbc" testId="5a4e1556-8543-72fb-d9c4-9639e8fe0c6a" testName="StudentsCanBeAddedToCoursesOfSchoolOnlyByTheSchool" computerName="HOMES" duration="00:01:12.2343750" startTime="2014-06-13T10:15:42.6875000+03:00" endTime="2014-06-13T10:16:54.9218750+03:00" testType="13cdc9d9-ddb5-4fa4-a97d-d965ccfc6d4b" outcome="Aborted" testListId="8c84fa94-04c1-424b-9868-57a2d4851a1d" relativeResultsDirectory="a9a5726b-36a3-470f-a3cc-52384e4b7bbc">
    </UnitTestResult>
  </Results>
</TestRun>