<?xml version="1.0" encoding="UTF-8"?>
<TestRun id="c88874b9-105b-4913-bd96-7d61ba52c60f" name="User@HOMES 2014-06-13 10:15:01" runUser="HOMES\User" xmlns="http://microsoft.com/schemas/VisualStudio/TeamTest/2010">
  <TestSettings name="Local" id="8527c876-9647-47d7-bfd0-1c28719b9974">
    <Description>These are default test settings for a local test run.</Description>
    <Deployment enabled="false" runDeploymentRoot="User_HOMES 2014-06-13 10_15_01">
      <DeploymentItem filename="D:\GitProjects\TelerikAcademy\Quality\Unit Testing\Unit Testing\bin\Debug\Unit Testing.exe" />
    </Deployment>
    <Execution>
      <TestTypeSpecific />
      <AgentRule name="Execution Agents">
      </AgentRule>
    </Execution>
  </TestSettings>
  <Times creation="2014-06-13T10:15:01.9843750+03:00" queuing="2014-06-13T10:15:02.0312500+03:00" start="2014-06-13T10:15:02.0781250+03:00" finish="2014-06-13T10:15:02.7343750+03:00" />
  <ResultSummary outcome="Failed">
    <Counters total="10" executed="10" passed="9" error="0" failed="1" timeout="0" aborted="0" inconclusive="0" passedButRunAborted="0" notRunnable="0" notExecuted="0" disconnected="0" warning="0" completed="0" inProgress="0" pending="0" />
  </ResultSummary>
  <TestDefinitions>
    <UnitTest name="CourseShouldNotBeNull" storage="d:\gitprojects\telerikacademy\quality\unit testing\testproject1\bin\debug\schoolprogram.test.dll" id="3309386d-ea7e-186d-e5a2-891915c72bc0">
      <Execution id="54790a8c-59d3-4857-960c-f1f88aae5e7c" />
      <TestMethod codeBase="D:/GitProjects/TelerikAcademy/Quality/Unit Testing/TestProject1/bin/Debug/SchoolProgram.Test.DLL" adapterTypeName="Microsoft.VisualStudio.TestTools.TestTypes.Unit.UnitTestAdapter, Microsoft.VisualStudio.QualityTools.Tips.UnitTest.Adapter, Version=10.0.0.0, Culture=neutral, PublicKeyToken=b03f5f7f11d50a3a" className="SchoolProgram.Test.SchoolProgrmaTest, SchoolProgram.Test, Version=1.0.0.0, Culture=neutral, PublicKeyToken=null" name="CourseShouldNotBeNull" />
    </UnitTest>
    <UnitTest name="StudentsCanBeAddedToCoursesOfSchoolOnlyByTheSchool" storage="d:\gitprojects\telerikacademy\quality\unit testing\testproject1\bin\debug\schoolprogram.test.dll" id="5a4e1556-8543-72fb-d9c4-9639e8fe0c6a">
      <Execution id="9149355b-b9a2-4e37-af6c-38b29014dd12" />
      <TestMethod codeBase="D:/GitProjects/TelerikAcademy/Quality/Unit Testing/TestProject1/bin/Debug/SchoolProgram.Test.DLL" adapterTypeName="Microsoft.VisualStudio.TestTools.TestTypes.Unit.UnitTestAdapter, Microsoft.VisualStudio.QualityTools.Tips.UnitTest.Adapter, Version=10.0.0.0, Culture=neutral, PublicKeyToken=b03f5f7f11d50a3a" className="SchoolProgram.Test.SchoolProgrmaTest, SchoolProgram.Test, Version=1.0.0.0, Culture=neutral, PublicKeyToken=null" name="StudentsCanBeAddedToCoursesOfSchoolOnlyByTheSchool" />
    </UnitTest>
    <UnitTest name="CourseNameShouldBeTheSameAsTheGivenArgumentString" storage="d:\gitprojects\telerikacademy\quality\unit testing\testproject1\bin\debug\schoolprogram.test.dll" id="1660cd45-9ce4-c45f-d383-0e562aa7cb36">
      <Execution id="5c34f85c-eeb6-4b62-9a75-100a1d6ce3e7" />
      <TestMethod codeBase="D:/GitProjects/TelerikAcademy/Quality/Unit Testing/TestProject1/bin/Debug/SchoolProgram.Test.DLL" adapterTypeName="Microsoft.VisualStudio.TestTools.TestTypes.Unit.UnitTestAdapter, Microsoft.VisualStudio.QualityTools.Tips.UnitTest.Adapter, Version=10.0.0.0, Culture=neutral, PublicKeyToken=b03f5f7f11d50a3a" className="SchoolProgram.Test.SchoolProgrmaTest, SchoolProgram.Test, Version=1.0.0.0, Culture=neutral, PublicKeyToken=null" name="CourseNameShouldBeTheSameAsTheGivenArgumentString" />
    </UnitTest>
    <UnitTest name="CourseIsCloned" storage="d:\gitprojects\telerikacademy\quality\unit testing\testproject1\bin\debug\schoolprogram.test.dll" id="3d319b27-29f6-6ac9-e226-acf9bca47d3b">
      <Execution id="ab14e5f1-39a2-49da-a6b3-1d328ca6c1cb" />
      <TestMethod codeBase="D:/GitProjects/TelerikAcademy/Quality/Unit Testing/TestProject1/bin/Debug/SchoolProgram.Test.DLL" adapterTypeName="Microsoft.VisualStudio.TestTools.TestTypes.Unit.UnitTestAdapter, Microsoft.VisualStudio.QualityTools.Tips.UnitTest.Adapter, Version=10.0.0.0, Culture=neutral, PublicKeyToken=b03f5f7f11d50a3a" className="SchoolProgram.Test.SchoolProgrmaTest, SchoolProgram.Test, Version=1.0.0.0, Culture=neutral, PublicKeyToken=null" name="CourseIsCloned" />
    </UnitTest>
    <UnitTest name="CourseIdShouldBeBiggerThan0" storage="d:\gitprojects\telerikacademy\quality\unit testing\testproject1\bin\debug\schoolprogram.test.dll" id="4bd3d53b-72db-10b5-6a92-913f820ea831">
      <Execution id="3a216b73-498d-41eb-b737-3bf075793b22" />
      <TestMethod codeBase="D:/GitProjects/TelerikAcademy/Quality/Unit Testing/TestProject1/bin/Debug/SchoolProgram.Test.DLL" adapterTypeName="Microsoft.VisualStudio.TestTools.TestTypes.Unit.UnitTestAdapter, Microsoft.VisualStudio.QualityTools.Tips.UnitTest.Adapter, Version=10.0.0.0, Culture=neutral, PublicKeyToken=b03f5f7f11d50a3a" className="SchoolProgram.Test.SchoolProgrmaTest, SchoolProgram.Test, Version=1.0.0.0, Culture=neutral, PublicKeyToken=null" name="CourseIdShouldBeBiggerThan0" />
    </UnitTest>
    <UnitTest name="StudentShouldNotBeNull" storage="d:\gitprojects\telerikacademy\quality\unit testing\testproject1\bin\debug\schoolprogram.test.dll" id="81716788-85b5-f251-2744-470ff30f66ff">
      <Execution id="46ace680-3cab-4b4a-8e61-9e9ae81cf97b" />
      <TestMethod codeBase="D:/GitProjects/TelerikAcademy/Quality/Unit Testing/TestProject1/bin/Debug/SchoolProgram.Test.DLL" adapterTypeName="Microsoft.VisualStudio.TestTools.TestTypes.Unit.UnitTestAdapter, Microsoft.VisualStudio.QualityTools.Tips.UnitTest.Adapter, Version=10.0.0.0, Culture=neutral, PublicKeyToken=b03f5f7f11d50a3a" className="SchoolProgram.Test.SchoolProgrmaTest, SchoolProgram.Test, Version=1.0.0.0, Culture=neutral, PublicKeyToken=null" name="StudentShouldNotBeNull" />
    </UnitTest>
    <UnitTest name="StudentNameShouldBeTheSameAsTheGivenArgumentString" storage="d:\gitprojects\telerikacademy\quality\unit testing\testproject1\bin\debug\schoolprogram.test.dll" id="b722a069-caba-30d6-cde9-6408783cc2b6">
      <Execution id="35c1417b-73c4-4b57-baa2-dd7e422c6218" />
      <TestMethod codeBase="D:/GitProjects/TelerikAcademy/Quality/Unit Testing/TestProject1/bin/Debug/SchoolProgram.Test.DLL" adapterTypeName="Microsoft.VisualStudio.TestTools.TestTypes.Unit.UnitTestAdapter, Microsoft.VisualStudio.QualityTools.Tips.UnitTest.Adapter, Version=10.0.0.0, Culture=neutral, PublicKeyToken=b03f5f7f11d50a3a" className="SchoolProgram.Test.SchoolProgrmaTest, SchoolProgram.Test, Version=1.0.0.0, Culture=neutral, PublicKeyToken=null" name="StudentNameShouldBeTheSameAsTheGivenArgumentString" />
    </UnitTest>
    <UnitTest name="StudentIsCloned" storage="d:\gitprojects\telerikacademy\quality\unit testing\testproject1\bin\debug\schoolprogram.test.dll" id="68395984-32a2-812e-47b7-b8cfa6e54e37">
      <Execution id="dc25e47b-d610-4a32-9477-3075fec2267c" />
      <TestMethod codeBase="D:/GitProjects/TelerikAcademy/Quality/Unit Testing/TestProject1/bin/Debug/SchoolProgram.Test.DLL" adapterTypeName="Microsoft.VisualStudio.TestTools.TestTypes.Unit.UnitTestAdapter, Microsoft.VisualStudio.QualityTools.Tips.UnitTest.Adapter, Version=10.0.0.0, Culture=neutral, PublicKeyToken=b03f5f7f11d50a3a" className="SchoolProgram.Test.SchoolProgrmaTest, SchoolProgram.Test, Version=1.0.0.0, Culture=neutral, PublicKeyToken=null" name="StudentIsCloned" />
    </UnitTest>
    <UnitTest name="StudentsCanBeAddedToCourses" storage="d:\gitprojects\telerikacademy\quality\unit testing\testproject1\bin\debug\schoolprogram.test.dll" id="07554278-6f52-f3eb-3aeb-2d816a3a4286">
      <Execution id="b99f5f24-53ae-48b3-a483-4432f8008e9d" />
      <TestMethod codeBase="D:/GitProjects/TelerikAcademy/Quality/Unit Testing/TestProject1/bin/Debug/SchoolProgram.Test.DLL" adapterTypeName="Microsoft.VisualStudio.TestTools.TestTypes.Unit.UnitTestAdapter, Microsoft.VisualStudio.QualityTools.Tips.UnitTest.Adapter, Version=10.0.0.0, Culture=neutral, PublicKeyToken=b03f5f7f11d50a3a" className="SchoolProgram.Test.SchoolProgrmaTest, SchoolProgram.Test, Version=1.0.0.0, Culture=neutral, PublicKeyToken=null" name="StudentsCanBeAddedToCourses" />
    </UnitTest>
    <UnitTest name="StudentIdShouldBeBiggerThan10000" storage="d:\gitprojects\telerikacademy\quality\unit testing\testproject1\bin\debug\schoolprogram.test.dll" id="39d03994-97e6-46bd-6ed7-3f665575b2a7">
      <Execution id="b087c13b-d089-4c67-9770-dae5e378339b" />
      <TestMethod codeBase="D:/GitProjects/TelerikAcademy/Quality/Unit Testing/TestProject1/bin/Debug/SchoolProgram.Test.DLL" adapterTypeName="Microsoft.VisualStudio.TestTools.TestTypes.Unit.UnitTestAdapter, Microsoft.VisualStudio.QualityTools.Tips.UnitTest.Adapter, Version=10.0.0.0, Culture=neutral, PublicKeyToken=b03f5f7f11d50a3a" className="SchoolProgram.Test.SchoolProgrmaTest, SchoolProgram.Test, Version=1.0.0.0, Culture=neutral, PublicKeyToken=null" name="StudentIdShouldBeBiggerThan10000" />
    </UnitTest>
  </TestDefinitions>
  <TestLists>
    <TestList name="Results Not in a List" id="8c84fa94-04c1-424b-9868-57a2d4851a1d" />
    <TestList name="All Loaded Results" id="19431567-8539-422a-85d7-44ee4e166bda" />
  </TestLists>
  <TestEntries>
    <TestEntry testId="07554278-6f52-f3eb-3aeb-2d816a3a4286" executionId="b99f5f24-53ae-48b3-a483-4432f8008e9d" testListId="8c84fa94-04c1-424b-9868-57a2d4851a1d" />
    <TestEntry testId="1660cd45-9ce4-c45f-d383-0e562aa7cb36" executionId="5c34f85c-eeb6-4b62-9a75-100a1d6ce3e7" testListId="8c84fa94-04c1-424b-9868-57a2d4851a1d" />
    <TestEntry testId="3309386d-ea7e-186d-e5a2-891915c72bc0" executionId="54790a8c-59d3-4857-960c-f1f88aae5e7c" testListId="8c84fa94-04c1-424b-9868-57a2d4851a1d" />
    <TestEntry testId="39d03994-97e6-46bd-6ed7-3f665575b2a7" executionId="b087c13b-d089-4c67-9770-dae5e378339b" testListId="8c84fa94-04c1-424b-9868-57a2d4851a1d" />
    <TestEntry testId="3d319b27-29f6-6ac9-e226-acf9bca47d3b" executionId="ab14e5f1-39a2-49da-a6b3-1d328ca6c1cb" testListId="8c84fa94-04c1-424b-9868-57a2d4851a1d" />
    <TestEntry testId="4bd3d53b-72db-10b5-6a92-913f820ea831" executionId="3a216b73-498d-41eb-b737-3bf075793b22" testListId="8c84fa94-04c1-424b-9868-57a2d4851a1d" />
    <TestEntry testId="5a4e1556-8543-72fb-d9c4-9639e8fe0c6a" executionId="9149355b-b9a2-4e37-af6c-38b29014dd12" testListId="8c84fa94-04c1-424b-9868-57a2d4851a1d" />
    <TestEntry testId="68395984-32a2-812e-47b7-b8cfa6e54e37" executionId="dc25e47b-d610-4a32-9477-3075fec2267c" testListId="8c84fa94-04c1-424b-9868-57a2d4851a1d" />
    <TestEntry testId="81716788-85b5-f251-2744-470ff30f66ff" executionId="46ace680-3cab-4b4a-8e61-9e9ae81cf97b" testListId="8c84fa94-04c1-424b-9868-57a2d4851a1d" />
    <TestEntry testId="b722a069-caba-30d6-cde9-6408783cc2b6" executionId="35c1417b-73c4-4b57-baa2-dd7e422c6218" testListId="8c84fa94-04c1-424b-9868-57a2d4851a1d" />
  </TestEntries>
  <Results>
    <UnitTestResult executionId="b99f5f24-53ae-48b3-a483-4432f8008e9d" testId="07554278-6f52-f3eb-3aeb-2d816a3a4286" testName="StudentsCanBeAddedToCourses" computerName="HOMES" duration="00:00:00.0330502" startTime="2014-06-13T10:15:02.1250000+03:00" endTime="2014-06-13T10:15:02.4687500+03:00" testType="13cdc9d9-ddb5-4fa4-a97d-d965ccfc6d4b" outcome="Passed" testListId="8c84fa94-04c1-424b-9868-57a2d4851a1d" relativeResultsDirectory="b99f5f24-53ae-48b3-a483-4432f8008e9d">
    </UnitTestResult>
    <UnitTestResult executionId="5c34f85c-eeb6-4b62-9a75-100a1d6ce3e7" testId="1660cd45-9ce4-c45f-d383-0e562aa7cb36" testName="CourseNameShouldBeTheSameAsTheGivenArgumentString" computerName="HOMES" duration="00:00:00.0024369" startTime="2014-06-13T10:15:02.4843750+03:00" endTime="2014-06-13T10:15:02.5000000+03:00" testType="13cdc9d9-ddb5-4fa4-a97d-d965ccfc6d4b" outcome="Passed" testListId="8c84fa94-04c1-424b-9868-57a2d4851a1d" relativeResultsDirectory="5c34f85c-eeb6-4b62-9a75-100a1d6ce3e7">
    </UnitTestResult>
    <UnitTestResult executionId="54790a8c-59d3-4857-960c-f1f88aae5e7c" testId="3309386d-ea7e-186d-e5a2-891915c72bc0" testName="CourseShouldNotBeNull" computerName="HOMES" duration="00:00:00.0003860" startTime="2014-06-13T10:15:02.5000000+03:00" endTime="2014-06-13T10:15:02.5156250+03:00" testType="13cdc9d9-ddb5-4fa4-a97d-d965ccfc6d4b" outcome="Passed" testListId="8c84fa94-04c1-424b-9868-57a2d4851a1d" relativeResultsDirectory="54790a8c-59d3-4857-960c-f1f88aae5e7c">
    </UnitTestResult>
    <UnitTestResult executionId="b087c13b-d089-4c67-9770-dae5e378339b" testId="39d03994-97e6-46bd-6ed7-3f665575b2a7" testName="StudentIdShouldBeBiggerThan10000" computerName="HOMES" duration="00:00:00.0009230" startTime="2014-06-13T10:15:02.5156250+03:00" endTime="2014-06-13T10:15:02.5312500+03:00" testType="13cdc9d9-ddb5-4fa4-a97d-d965ccfc6d4b" outcome="Passed" testListId="8c84fa94-04c1-424b-9868-57a2d4851a1d" relativeResultsDirectory="b087c13b-d089-4c67-9770-dae5e378339b">
    </UnitTestResult>
    <UnitTestResult executionId="ab14e5f1-39a2-49da-a6b3-1d328ca6c1cb" testId="3d319b27-29f6-6ac9-e226-acf9bca47d3b" testName="CourseIsCloned" computerName="HOMES" duration="00:00:00.0007933" startTime="2014-06-13T10:15:02.5468750+03:00" endTime="2014-06-13T10:15:02.5625000+03:00" testType="13cdc9d9-ddb5-4fa4-a97d-d965ccfc6d4b" outcome="Passed" testListId="8c84fa94-04c1-424b-9868-57a2d4851a1d" relativeResultsDirectory="ab14e5f1-39a2-49da-a6b3-1d328ca6c1cb">
    </UnitTestResult>
    <UnitTestResult executionId="3a216b73-498d-41eb-b737-3bf075793b22" testId="4bd3d53b-72db-10b5-6a92-913f820ea831" testName="CourseIdShouldBeBiggerThan0" computerName="HOMES" duration="00:00:00.0021050" startTime="2014-06-13T10:15:02.5625000+03:00" endTime="2014-06-13T10:15:02.5781250+03:00" testType="13cdc9d9-ddb5-4fa4-a97d-d965ccfc6d4b" outcome="Passed" testListId="8c84fa94-04c1-424b-9868-57a2d4851a1d" relativeResultsDirectory="3a216b73-498d-41eb-b737-3bf075793b22">
    </UnitTestResult>
    <UnitTestResult executionId="9149355b-b9a2-4e37-af6c-38b29014dd12" testId="5a4e1556-8543-72fb-d9c4-9639e8fe0c6a" testName="StudentsCanBeAddedToCoursesOfSchoolOnlyByTheSchool" computerName="HOMES" duration="00:00:00.0282091" startTime="2014-06-13T10:15:02.5937500+03:00" endTime="2014-06-13T10:15:02.6250000+03:00" testType="13cdc9d9-ddb5-4fa4-a97d-d965ccfc6d4b" outcome="Failed" testListId="8c84fa94-04c1-424b-9868-57a2d4851a1d" relativeResultsDirectory="9149355b-b9a2-4e37-af6c-38b29014dd12">
      <Output>
        <ErrorInfo>
          <Message>Test method SchoolProgram.Test.SchoolProgrmaTest.StudentsCanBeAddedToCoursesOfSchoolOnlyByTheSchool threw exception: 
System.ArgumentOutOfRangeException: Index was out of range. Must be non-negative and less than the size of the collection.
Parameter name: index</Message>
          <StackTrace>    at System.ThrowHelper.ThrowArgumentOutOfRangeException()
   at System.Collections.Generic.List`1.get_Item(Int32 index)
   at SchoolProgram.Test.SchoolProgrmaTest.StudentsCanBeAddedToCoursesOfSchoolOnlyByTheSchool() in D:\GitProjects\TelerikAcademy\Quality\Unit Testing\TestProject1\SchoolProgrmaTest.cs:line 150
</StackTrace>
        </ErrorInfo>
      </Output>
    </UnitTestResult>
    <UnitTestResult executionId="dc25e47b-d610-4a32-9477-3075fec2267c" testId="68395984-32a2-812e-47b7-b8cfa6e54e37" testName="StudentIsCloned" computerName="HOMES" duration="00:00:00.0011088" startTime="2014-06-13T10:15:02.6406250+03:00" endTime="2014-06-13T10:15:02.6562500+03:00" testType="13cdc9d9-ddb5-4fa4-a97d-d965ccfc6d4b" outcome="Passed" testListId="8c84fa94-04c1-424b-9868-57a2d4851a1d" relativeResultsDirectory="dc25e47b-d610-4a32-9477-3075fec2267c">
    </UnitTestResult>
    <UnitTestResult executionId="46ace680-3cab-4b4a-8e61-9e9ae81cf97b" testId="81716788-85b5-f251-2744-470ff30f66ff" testName="StudentShouldNotBeNull" computerName="HOMES" duration="00:00:00.0003723" startTime="2014-06-13T10:15:02.6562500+03:00" endTime="2014-06-13T10:15:02.6718750+03:00" testType="13cdc9d9-ddb5-4fa4-a97d-d965ccfc6d4b" outcome="Passed" testListId="8c84fa94-04c1-424b-9868-57a2d4851a1d" relativeResultsDirectory="46ace680-3cab-4b4a-8e61-9e9ae81cf97b">
    </UnitTestResult>
    <UnitTestResult executionId="35c1417b-73c4-4b57-baa2-dd7e422c6218" testId="b722a069-caba-30d6-cde9-6408783cc2b6" testName="StudentNameShouldBeTheSameAsTheGivenArgumentString" computerName="HOMES" duration="00:00:00.0003874" startTime="2014-06-13T10:15:02.6718750+03:00" endTime="2014-06-13T10:15:02.6875000+03:00" testType="13cdc9d9-ddb5-4fa4-a97d-d965ccfc6d4b" outcome="Passed" testListId="8c84fa94-04c1-424b-9868-57a2d4851a1d" relativeResultsDirectory="35c1417b-73c4-4b57-baa2-dd7e422c6218">
    </UnitTestResult>
  </Results>
</TestRun>